The system is: Darwin - 17.7.0 - x86_64
Compiling the C compiler identification source file "CMakeCCompilerId.c" succeeded.
Compiler: /Applications/Xcode.app/Contents/Developer/Toolchains/XcodeDefault.xctoolchain/usr/bin/cc 
Build flags: 
Id flags:  

The output was:
0


Compilation of the C compiler identification source "CMakeCCompilerId.c" produced "a.out"

The C compiler identification is AppleClang, found in "/Users/anwu/Monkeyswedding/Projects/cvc4Preprocess/CVC4/cryptominisat5/build/CMakeFiles/3.12.2/CompilerIdC/a.out"

Compiling the CXX compiler identification source file "CMakeCXXCompilerId.cpp" succeeded.
Compiler: /Applications/Xcode.app/Contents/Developer/Toolchains/XcodeDefault.xctoolchain/usr/bin/c++ 
Build flags: 
Id flags:  

The output was:
0


Compilation of the CXX compiler identification source "CMakeCXXCompilerId.cpp" produced "a.out"

The CXX compiler identification is AppleClang, found in "/Users/anwu/Monkeyswedding/Projects/cvc4Preprocess/CVC4/cryptominisat5/build/CMakeFiles/3.12.2/CompilerIdCXX/a.out"

Determining if the C compiler works passed with the following output:
Change Dir: /Users/anwu/Monkeyswedding/Projects/cvc4Preprocess/CVC4/cryptominisat5/build/CMakeFiles/CMakeTmp

Run Build Command:"/usr/bin/make" "cmTC_3dc9e/fast"
/Applications/Xcode.app/Contents/Developer/usr/bin/make -f CMakeFiles/cmTC_3dc9e.dir/build.make CMakeFiles/cmTC_3dc9e.dir/build
Building C object CMakeFiles/cmTC_3dc9e.dir/testCCompiler.c.o
/Applications/Xcode.app/Contents/Developer/Toolchains/XcodeDefault.xctoolchain/usr/bin/cc    -o CMakeFiles/cmTC_3dc9e.dir/testCCompiler.c.o   -c /Users/anwu/Monkeyswedding/Projects/cvc4Preprocess/CVC4/cryptominisat5/build/CMakeFiles/CMakeTmp/testCCompiler.c
Linking C executable cmTC_3dc9e
/usr/local/Cellar/cmake/3.12.2/bin/cmake -E cmake_link_script CMakeFiles/cmTC_3dc9e.dir/link.txt --verbose=1
/Applications/Xcode.app/Contents/Developer/Toolchains/XcodeDefault.xctoolchain/usr/bin/cc   -Wl,-search_paths_first -Wl,-headerpad_max_install_names   CMakeFiles/cmTC_3dc9e.dir/testCCompiler.c.o  -o cmTC_3dc9e 


Detecting C compiler ABI info compiled with the following output:
Change Dir: /Users/anwu/Monkeyswedding/Projects/cvc4Preprocess/CVC4/cryptominisat5/build/CMakeFiles/CMakeTmp

Run Build Command:"/usr/bin/make" "cmTC_c32f6/fast"
/Applications/Xcode.app/Contents/Developer/usr/bin/make -f CMakeFiles/cmTC_c32f6.dir/build.make CMakeFiles/cmTC_c32f6.dir/build
Building C object CMakeFiles/cmTC_c32f6.dir/CMakeCCompilerABI.c.o
/Applications/Xcode.app/Contents/Developer/Toolchains/XcodeDefault.xctoolchain/usr/bin/cc    -o CMakeFiles/cmTC_c32f6.dir/CMakeCCompilerABI.c.o   -c /usr/local/Cellar/cmake/3.12.2/share/cmake/Modules/CMakeCCompilerABI.c
Linking C executable cmTC_c32f6
/usr/local/Cellar/cmake/3.12.2/bin/cmake -E cmake_link_script CMakeFiles/cmTC_c32f6.dir/link.txt --verbose=1
/Applications/Xcode.app/Contents/Developer/Toolchains/XcodeDefault.xctoolchain/usr/bin/cc   -Wl,-search_paths_first -Wl,-headerpad_max_install_names  -v -Wl,-v CMakeFiles/cmTC_c32f6.dir/CMakeCCompilerABI.c.o  -o cmTC_c32f6 
Apple LLVM version 9.1.0 (clang-902.0.39.2)
Target: x86_64-apple-darwin17.7.0
Thread model: posix
InstalledDir: /Applications/Xcode.app/Contents/Developer/Toolchains/XcodeDefault.xctoolchain/usr/bin
 "/Applications/Xcode.app/Contents/Developer/Toolchains/XcodeDefault.xctoolchain/usr/bin/ld" -demangle -lto_library /Applications/Xcode.app/Contents/Developer/Toolchains/XcodeDefault.xctoolchain/usr/lib/libLTO.dylib -dynamic -arch x86_64 -macosx_version_min 10.13.0 -o cmTC_c32f6 -search_paths_first -headerpad_max_install_names -v CMakeFiles/cmTC_c32f6.dir/CMakeCCompilerABI.c.o -lSystem /Applications/Xcode.app/Contents/Developer/Toolchains/XcodeDefault.xctoolchain/usr/lib/clang/9.1.0/lib/darwin/libclang_rt.osx.a
@(#)PROGRAM:ld  PROJECT:ld64-351.8
configured to support archs: armv6 armv7 armv7s arm64 i386 x86_64 x86_64h armv6m armv7k armv7m armv7em (tvOS)
Library search paths:
	/usr/lib
	/usr/local/lib
Framework search paths:
	/Library/Frameworks/
	/System/Library/Frameworks/


Parsed C implicit link information from above output:
  link line regex: [^( *|.*[/\])(ld|CMAKE_LINK_STARTFILE-NOTFOUND|([^/\]+-)?ld|collect2)[^/\]*( |$)]
  ignore line: [Change Dir: /Users/anwu/Monkeyswedding/Projects/cvc4Preprocess/CVC4/cryptominisat5/build/CMakeFiles/CMakeTmp]
  ignore line: []
  ignore line: [Run Build Command:"/usr/bin/make" "cmTC_c32f6/fast"]
  ignore line: [/Applications/Xcode.app/Contents/Developer/usr/bin/make -f CMakeFiles/cmTC_c32f6.dir/build.make CMakeFiles/cmTC_c32f6.dir/build]
  ignore line: [Building C object CMakeFiles/cmTC_c32f6.dir/CMakeCCompilerABI.c.o]
  ignore line: [/Applications/Xcode.app/Contents/Developer/Toolchains/XcodeDefault.xctoolchain/usr/bin/cc    -o CMakeFiles/cmTC_c32f6.dir/CMakeCCompilerABI.c.o   -c /usr/local/Cellar/cmake/3.12.2/share/cmake/Modules/CMakeCCompilerABI.c]
  ignore line: [Linking C executable cmTC_c32f6]
  ignore line: [/usr/local/Cellar/cmake/3.12.2/bin/cmake -E cmake_link_script CMakeFiles/cmTC_c32f6.dir/link.txt --verbose=1]
  ignore line: [/Applications/Xcode.app/Contents/Developer/Toolchains/XcodeDefault.xctoolchain/usr/bin/cc   -Wl,-search_paths_first -Wl,-headerpad_max_install_names  -v -Wl,-v CMakeFiles/cmTC_c32f6.dir/CMakeCCompilerABI.c.o  -o cmTC_c32f6 ]
  ignore line: [Apple LLVM version 9.1.0 (clang-902.0.39.2)]
  ignore line: [Target: x86_64-apple-darwin17.7.0]
  ignore line: [Thread model: posix]
  ignore line: [InstalledDir: /Applications/Xcode.app/Contents/Developer/Toolchains/XcodeDefault.xctoolchain/usr/bin]
  link line: [ "/Applications/Xcode.app/Contents/Developer/Toolchains/XcodeDefault.xctoolchain/usr/bin/ld" -demangle -lto_library /Applications/Xcode.app/Contents/Developer/Toolchains/XcodeDefault.xctoolchain/usr/lib/libLTO.dylib -dynamic -arch x86_64 -macosx_version_min 10.13.0 -o cmTC_c32f6 -search_paths_first -headerpad_max_install_names -v CMakeFiles/cmTC_c32f6.dir/CMakeCCompilerABI.c.o -lSystem /Applications/Xcode.app/Contents/Developer/Toolchains/XcodeDefault.xctoolchain/usr/lib/clang/9.1.0/lib/darwin/libclang_rt.osx.a]
    arg [/Applications/Xcode.app/Contents/Developer/Toolchains/XcodeDefault.xctoolchain/usr/bin/ld] ==> ignore
    arg [-demangle] ==> ignore
    arg [-lto_library] ==> ignore, skip following value
    arg [/Applications/Xcode.app/Contents/Developer/Toolchains/XcodeDefault.xctoolchain/usr/lib/libLTO.dylib] ==> skip value of -lto_library
    arg [-dynamic] ==> ignore
    arg [-arch] ==> ignore
    arg [x86_64] ==> ignore
    arg [-macosx_version_min] ==> ignore
    arg [10.13.0] ==> ignore
    arg [-o] ==> ignore
    arg [cmTC_c32f6] ==> ignore
    arg [-search_paths_first] ==> ignore
    arg [-headerpad_max_install_names] ==> ignore
    arg [-v] ==> ignore
    arg [CMakeFiles/cmTC_c32f6.dir/CMakeCCompilerABI.c.o] ==> ignore
    arg [-lSystem] ==> lib [System]
    arg [/Applications/Xcode.app/Contents/Developer/Toolchains/XcodeDefault.xctoolchain/usr/lib/clang/9.1.0/lib/darwin/libclang_rt.osx.a] ==> lib [/Applications/Xcode.app/Contents/Developer/Toolchains/XcodeDefault.xctoolchain/usr/lib/clang/9.1.0/lib/darwin/libclang_rt.osx.a]
  Library search paths: [;/usr/lib;/usr/local/lib]
  Framework search paths: [;/Library/Frameworks/;/System/Library/Frameworks/]
  remove lib [System]
  remove lib [/Applications/Xcode.app/Contents/Developer/Toolchains/XcodeDefault.xctoolchain/usr/lib/clang/9.1.0/lib/darwin/libclang_rt.osx.a]
  collapse library dir [/usr/lib] ==> [/usr/lib]
  collapse library dir [/usr/local/lib] ==> [/usr/local/lib]
  collapse framework dir [/Library/Frameworks/] ==> [/Library/Frameworks]
  collapse framework dir [/System/Library/Frameworks/] ==> [/System/Library/Frameworks]
  implicit libs: []
  implicit dirs: [/usr/lib;/usr/local/lib]
  implicit fwks: [/Library/Frameworks;/System/Library/Frameworks]




Detecting C [-std=c11] compiler features compiled with the following output:
Change Dir: /Users/anwu/Monkeyswedding/Projects/cvc4Preprocess/CVC4/cryptominisat5/build/CMakeFiles/CMakeTmp

Run Build Command:"/usr/bin/make" "cmTC_4e50e/fast"
/Applications/Xcode.app/Contents/Developer/usr/bin/make -f CMakeFiles/cmTC_4e50e.dir/build.make CMakeFiles/cmTC_4e50e.dir/build
Building C object CMakeFiles/cmTC_4e50e.dir/feature_tests.c.o
/Applications/Xcode.app/Contents/Developer/Toolchains/XcodeDefault.xctoolchain/usr/bin/cc   -std=c11 -o CMakeFiles/cmTC_4e50e.dir/feature_tests.c.o   -c /Users/anwu/Monkeyswedding/Projects/cvc4Preprocess/CVC4/cryptominisat5/build/CMakeFiles/feature_tests.c
Linking C executable cmTC_4e50e
/usr/local/Cellar/cmake/3.12.2/bin/cmake -E cmake_link_script CMakeFiles/cmTC_4e50e.dir/link.txt --verbose=1
/Applications/Xcode.app/Contents/Developer/Toolchains/XcodeDefault.xctoolchain/usr/bin/cc   -Wl,-search_paths_first -Wl,-headerpad_max_install_names   CMakeFiles/cmTC_4e50e.dir/feature_tests.c.o  -o cmTC_4e50e 


    Feature record: C_FEATURE:1c_function_prototypes
    Feature record: C_FEATURE:1c_restrict
    Feature record: C_FEATURE:1c_static_assert
    Feature record: C_FEATURE:1c_variadic_macros


Detecting C [-std=c99] compiler features compiled with the following output:
Change Dir: /Users/anwu/Monkeyswedding/Projects/cvc4Preprocess/CVC4/cryptominisat5/build/CMakeFiles/CMakeTmp

Run Build Command:"/usr/bin/make" "cmTC_be2f4/fast"
/Applications/Xcode.app/Contents/Developer/usr/bin/make -f CMakeFiles/cmTC_be2f4.dir/build.make CMakeFiles/cmTC_be2f4.dir/build
Building C object CMakeFiles/cmTC_be2f4.dir/feature_tests.c.o
/Applications/Xcode.app/Contents/Developer/Toolchains/XcodeDefault.xctoolchain/usr/bin/cc   -std=c99 -o CMakeFiles/cmTC_be2f4.dir/feature_tests.c.o   -c /Users/anwu/Monkeyswedding/Projects/cvc4Preprocess/CVC4/cryptominisat5/build/CMakeFiles/feature_tests.c
Linking C executable cmTC_be2f4
/usr/local/Cellar/cmake/3.12.2/bin/cmake -E cmake_link_script CMakeFiles/cmTC_be2f4.dir/link.txt --verbose=1
/Applications/Xcode.app/Contents/Developer/Toolchains/XcodeDefault.xctoolchain/usr/bin/cc   -Wl,-search_paths_first -Wl,-headerpad_max_install_names   CMakeFiles/cmTC_be2f4.dir/feature_tests.c.o  -o cmTC_be2f4 


    Feature record: C_FEATURE:1c_function_prototypes
    Feature record: C_FEATURE:1c_restrict
    Feature record: C_FEATURE:0c_static_assert
    Feature record: C_FEATURE:1c_variadic_macros


Detecting C [-std=c90] compiler features compiled with the following output:
Change Dir: /Users/anwu/Monkeyswedding/Projects/cvc4Preprocess/CVC4/cryptominisat5/build/CMakeFiles/CMakeTmp

Run Build Command:"/usr/bin/make" "cmTC_7c69a/fast"
/Applications/Xcode.app/Contents/Developer/usr/bin/make -f CMakeFiles/cmTC_7c69a.dir/build.make CMakeFiles/cmTC_7c69a.dir/build
Building C object CMakeFiles/cmTC_7c69a.dir/feature_tests.c.o
/Applications/Xcode.app/Contents/Developer/Toolchains/XcodeDefault.xctoolchain/usr/bin/cc   -std=c90 -o CMakeFiles/cmTC_7c69a.dir/feature_tests.c.o   -c /Users/anwu/Monkeyswedding/Projects/cvc4Preprocess/CVC4/cryptominisat5/build/CMakeFiles/feature_tests.c
Linking C executable cmTC_7c69a
/usr/local/Cellar/cmake/3.12.2/bin/cmake -E cmake_link_script CMakeFiles/cmTC_7c69a.dir/link.txt --verbose=1
/Applications/Xcode.app/Contents/Developer/Toolchains/XcodeDefault.xctoolchain/usr/bin/cc   -Wl,-search_paths_first -Wl,-headerpad_max_install_names   CMakeFiles/cmTC_7c69a.dir/feature_tests.c.o  -o cmTC_7c69a 


    Feature record: C_FEATURE:1c_function_prototypes
    Feature record: C_FEATURE:0c_restrict
    Feature record: C_FEATURE:0c_static_assert
    Feature record: C_FEATURE:0c_variadic_macros
Determining if the CXX compiler works passed with the following output:
Change Dir: /Users/anwu/Monkeyswedding/Projects/cvc4Preprocess/CVC4/cryptominisat5/build/CMakeFiles/CMakeTmp

Run Build Command:"/usr/bin/make" "cmTC_cb3d0/fast"
/Applications/Xcode.app/Contents/Developer/usr/bin/make -f CMakeFiles/cmTC_cb3d0.dir/build.make CMakeFiles/cmTC_cb3d0.dir/build
Building CXX object CMakeFiles/cmTC_cb3d0.dir/testCXXCompiler.cxx.o
/Applications/Xcode.app/Contents/Developer/Toolchains/XcodeDefault.xctoolchain/usr/bin/c++     -o CMakeFiles/cmTC_cb3d0.dir/testCXXCompiler.cxx.o -c /Users/anwu/Monkeyswedding/Projects/cvc4Preprocess/CVC4/cryptominisat5/build/CMakeFiles/CMakeTmp/testCXXCompiler.cxx
Linking CXX executable cmTC_cb3d0
/usr/local/Cellar/cmake/3.12.2/bin/cmake -E cmake_link_script CMakeFiles/cmTC_cb3d0.dir/link.txt --verbose=1
/Applications/Xcode.app/Contents/Developer/Toolchains/XcodeDefault.xctoolchain/usr/bin/c++    -Wl,-search_paths_first -Wl,-headerpad_max_install_names   CMakeFiles/cmTC_cb3d0.dir/testCXXCompiler.cxx.o  -o cmTC_cb3d0 


Detecting CXX compiler ABI info compiled with the following output:
Change Dir: /Users/anwu/Monkeyswedding/Projects/cvc4Preprocess/CVC4/cryptominisat5/build/CMakeFiles/CMakeTmp

Run Build Command:"/usr/bin/make" "cmTC_c2eea/fast"
/Applications/Xcode.app/Contents/Developer/usr/bin/make -f CMakeFiles/cmTC_c2eea.dir/build.make CMakeFiles/cmTC_c2eea.dir/build
Building CXX object CMakeFiles/cmTC_c2eea.dir/CMakeCXXCompilerABI.cpp.o
/Applications/Xcode.app/Contents/Developer/Toolchains/XcodeDefault.xctoolchain/usr/bin/c++     -o CMakeFiles/cmTC_c2eea.dir/CMakeCXXCompilerABI.cpp.o -c /usr/local/Cellar/cmake/3.12.2/share/cmake/Modules/CMakeCXXCompilerABI.cpp
Linking CXX executable cmTC_c2eea
/usr/local/Cellar/cmake/3.12.2/bin/cmake -E cmake_link_script CMakeFiles/cmTC_c2eea.dir/link.txt --verbose=1
/Applications/Xcode.app/Contents/Developer/Toolchains/XcodeDefault.xctoolchain/usr/bin/c++    -Wl,-search_paths_first -Wl,-headerpad_max_install_names  -v -Wl,-v CMakeFiles/cmTC_c2eea.dir/CMakeCXXCompilerABI.cpp.o  -o cmTC_c2eea 
Apple LLVM version 9.1.0 (clang-902.0.39.2)
Target: x86_64-apple-darwin17.7.0
Thread model: posix
InstalledDir: /Applications/Xcode.app/Contents/Developer/Toolchains/XcodeDefault.xctoolchain/usr/bin
 "/Applications/Xcode.app/Contents/Developer/Toolchains/XcodeDefault.xctoolchain/usr/bin/ld" -demangle -lto_library /Applications/Xcode.app/Contents/Developer/Toolchains/XcodeDefault.xctoolchain/usr/lib/libLTO.dylib -dynamic -arch x86_64 -macosx_version_min 10.13.0 -o cmTC_c2eea -search_paths_first -headerpad_max_install_names -v CMakeFiles/cmTC_c2eea.dir/CMakeCXXCompilerABI.cpp.o -lc++ -lSystem /Applications/Xcode.app/Contents/Developer/Toolchains/XcodeDefault.xctoolchain/usr/lib/clang/9.1.0/lib/darwin/libclang_rt.osx.a
@(#)PROGRAM:ld  PROJECT:ld64-351.8
configured to support archs: armv6 armv7 armv7s arm64 i386 x86_64 x86_64h armv6m armv7k armv7m armv7em (tvOS)
Library search paths:
	/usr/lib
	/usr/local/lib
Framework search paths:
	/Library/Frameworks/
	/System/Library/Frameworks/


Parsed CXX implicit link information from above output:
  link line regex: [^( *|.*[/\])(ld|CMAKE_LINK_STARTFILE-NOTFOUND|([^/\]+-)?ld|collect2)[^/\]*( |$)]
  ignore line: [Change Dir: /Users/anwu/Monkeyswedding/Projects/cvc4Preprocess/CVC4/cryptominisat5/build/CMakeFiles/CMakeTmp]
  ignore line: []
  ignore line: [Run Build Command:"/usr/bin/make" "cmTC_c2eea/fast"]
  ignore line: [/Applications/Xcode.app/Contents/Developer/usr/bin/make -f CMakeFiles/cmTC_c2eea.dir/build.make CMakeFiles/cmTC_c2eea.dir/build]
  ignore line: [Building CXX object CMakeFiles/cmTC_c2eea.dir/CMakeCXXCompilerABI.cpp.o]
  ignore line: [/Applications/Xcode.app/Contents/Developer/Toolchains/XcodeDefault.xctoolchain/usr/bin/c++     -o CMakeFiles/cmTC_c2eea.dir/CMakeCXXCompilerABI.cpp.o -c /usr/local/Cellar/cmake/3.12.2/share/cmake/Modules/CMakeCXXCompilerABI.cpp]
  ignore line: [Linking CXX executable cmTC_c2eea]
  ignore line: [/usr/local/Cellar/cmake/3.12.2/bin/cmake -E cmake_link_script CMakeFiles/cmTC_c2eea.dir/link.txt --verbose=1]
  ignore line: [/Applications/Xcode.app/Contents/Developer/Toolchains/XcodeDefault.xctoolchain/usr/bin/c++    -Wl,-search_paths_first -Wl,-headerpad_max_install_names  -v -Wl,-v CMakeFiles/cmTC_c2eea.dir/CMakeCXXCompilerABI.cpp.o  -o cmTC_c2eea ]
  ignore line: [Apple LLVM version 9.1.0 (clang-902.0.39.2)]
  ignore line: [Target: x86_64-apple-darwin17.7.0]
  ignore line: [Thread model: posix]
  ignore line: [InstalledDir: /Applications/Xcode.app/Contents/Developer/Toolchains/XcodeDefault.xctoolchain/usr/bin]
  link line: [ "/Applications/Xcode.app/Contents/Developer/Toolchains/XcodeDefault.xctoolchain/usr/bin/ld" -demangle -lto_library /Applications/Xcode.app/Contents/Developer/Toolchains/XcodeDefault.xctoolchain/usr/lib/libLTO.dylib -dynamic -arch x86_64 -macosx_version_min 10.13.0 -o cmTC_c2eea -search_paths_first -headerpad_max_install_names -v CMakeFiles/cmTC_c2eea.dir/CMakeCXXCompilerABI.cpp.o -lc++ -lSystem /Applications/Xcode.app/Contents/Developer/Toolchains/XcodeDefault.xctoolchain/usr/lib/clang/9.1.0/lib/darwin/libclang_rt.osx.a]
    arg [/Applications/Xcode.app/Contents/Developer/Toolchains/XcodeDefault.xctoolchain/usr/bin/ld] ==> ignore
    arg [-demangle] ==> ignore
    arg [-lto_library] ==> ignore, skip following value
    arg [/Applications/Xcode.app/Contents/Developer/Toolchains/XcodeDefault.xctoolchain/usr/lib/libLTO.dylib] ==> skip value of -lto_library
    arg [-dynamic] ==> ignore
    arg [-arch] ==> ignore
    arg [x86_64] ==> ignore
    arg [-macosx_version_min] ==> ignore
    arg [10.13.0] ==> ignore
    arg [-o] ==> ignore
    arg [cmTC_c2eea] ==> ignore
    arg [-search_paths_first] ==> ignore
    arg [-headerpad_max_install_names] ==> ignore
    arg [-v] ==> ignore
    arg [CMakeFiles/cmTC_c2eea.dir/CMakeCXXCompilerABI.cpp.o] ==> ignore
    arg [-lc++] ==> lib [c++]
    arg [-lSystem] ==> lib [System]
    arg [/Applications/Xcode.app/Contents/Developer/Toolchains/XcodeDefault.xctoolchain/usr/lib/clang/9.1.0/lib/darwin/libclang_rt.osx.a] ==> lib [/Applications/Xcode.app/Contents/Developer/Toolchains/XcodeDefault.xctoolchain/usr/lib/clang/9.1.0/lib/darwin/libclang_rt.osx.a]
  Library search paths: [;/usr/lib;/usr/local/lib]
  Framework search paths: [;/Library/Frameworks/;/System/Library/Frameworks/]
  remove lib [System]
  remove lib [/Applications/Xcode.app/Contents/Developer/Toolchains/XcodeDefault.xctoolchain/usr/lib/clang/9.1.0/lib/darwin/libclang_rt.osx.a]
  collapse library dir [/usr/lib] ==> [/usr/lib]
  collapse library dir [/usr/local/lib] ==> [/usr/local/lib]
  collapse framework dir [/Library/Frameworks/] ==> [/Library/Frameworks]
  collapse framework dir [/System/Library/Frameworks/] ==> [/System/Library/Frameworks]
  implicit libs: [c++]
  implicit dirs: [/usr/lib;/usr/local/lib]
  implicit fwks: [/Library/Frameworks;/System/Library/Frameworks]




Detecting CXX [-std=c++1z] compiler features compiled with the following output:
Change Dir: /Users/anwu/Monkeyswedding/Projects/cvc4Preprocess/CVC4/cryptominisat5/build/CMakeFiles/CMakeTmp

Run Build Command:"/usr/bin/make" "cmTC_2b5b3/fast"
/Applications/Xcode.app/Contents/Developer/usr/bin/make -f CMakeFiles/cmTC_2b5b3.dir/build.make CMakeFiles/cmTC_2b5b3.dir/build
Building CXX object CMakeFiles/cmTC_2b5b3.dir/feature_tests.cxx.o
/Applications/Xcode.app/Contents/Developer/Toolchains/XcodeDefault.xctoolchain/usr/bin/c++    -std=c++1z -o CMakeFiles/cmTC_2b5b3.dir/feature_tests.cxx.o -c /Users/anwu/Monkeyswedding/Projects/cvc4Preprocess/CVC4/cryptominisat5/build/CMakeFiles/feature_tests.cxx
Linking CXX executable cmTC_2b5b3
/usr/local/Cellar/cmake/3.12.2/bin/cmake -E cmake_link_script CMakeFiles/cmTC_2b5b3.dir/link.txt --verbose=1
/Applications/Xcode.app/Contents/Developer/Toolchains/XcodeDefault.xctoolchain/usr/bin/c++    -Wl,-search_paths_first -Wl,-headerpad_max_install_names   CMakeFiles/cmTC_2b5b3.dir/feature_tests.cxx.o  -o cmTC_2b5b3 


    Feature record: CXX_FEATURE:1cxx_aggregate_default_initializers
    Feature record: CXX_FEATURE:1cxx_alias_templates
    Feature record: CXX_FEATURE:1cxx_alignas
    Feature record: CXX_FEATURE:1cxx_alignof
    Feature record: CXX_FEATURE:1cxx_attributes
    Feature record: CXX_FEATURE:1cxx_attribute_deprecated
    Feature record: CXX_FEATURE:1cxx_auto_type
    Feature record: CXX_FEATURE:1cxx_binary_literals
    Feature record: CXX_FEATURE:1cxx_constexpr
    Feature record: CXX_FEATURE:1cxx_contextual_conversions
    Feature record: CXX_FEATURE:1cxx_decltype
    Feature record: CXX_FEATURE:1cxx_decltype_auto
    Feature record: CXX_FEATURE:1cxx_decltype_incomplete_return_types
    Feature record: CXX_FEATURE:1cxx_default_function_template_args
    Feature record: CXX_FEATURE:1cxx_defaulted_functions
    Feature record: CXX_FEATURE:1cxx_defaulted_move_initializers
    Feature record: CXX_FEATURE:1cxx_delegating_constructors
    Feature record: CXX_FEATURE:1cxx_deleted_functions
    Feature record: CXX_FEATURE:1cxx_digit_separators
    Feature record: CXX_FEATURE:1cxx_enum_forward_declarations
    Feature record: CXX_FEATURE:1cxx_explicit_conversions
    Feature record: CXX_FEATURE:1cxx_extended_friend_declarations
    Feature record: CXX_FEATURE:1cxx_extern_templates
    Feature record: CXX_FEATURE:1cxx_final
    Feature record: CXX_FEATURE:1cxx_func_identifier
    Feature record: CXX_FEATURE:1cxx_generalized_initializers
    Feature record: CXX_FEATURE:1cxx_generic_lambdas
    Feature record: CXX_FEATURE:1cxx_inheriting_constructors
    Feature record: CXX_FEATURE:1cxx_inline_namespaces
    Feature record: CXX_FEATURE:1cxx_lambdas
    Feature record: CXX_FEATURE:1cxx_lambda_init_captures
    Feature record: CXX_FEATURE:1cxx_local_type_template_args
    Feature record: CXX_FEATURE:1cxx_long_long_type
    Feature record: CXX_FEATURE:1cxx_noexcept
    Feature record: CXX_FEATURE:1cxx_nonstatic_member_init
    Feature record: CXX_FEATURE:1cxx_nullptr
    Feature record: CXX_FEATURE:1cxx_override
    Feature record: CXX_FEATURE:1cxx_range_for
    Feature record: CXX_FEATURE:1cxx_raw_string_literals
    Feature record: CXX_FEATURE:1cxx_reference_qualified_functions
    Feature record: CXX_FEATURE:1cxx_relaxed_constexpr
    Feature record: CXX_FEATURE:1cxx_return_type_deduction
    Feature record: CXX_FEATURE:1cxx_right_angle_brackets
    Feature record: CXX_FEATURE:1cxx_rvalue_references
    Feature record: CXX_FEATURE:1cxx_sizeof_member
    Feature record: CXX_FEATURE:1cxx_static_assert
    Feature record: CXX_FEATURE:1cxx_strong_enums
    Feature record: CXX_FEATURE:1cxx_template_template_parameters
    Feature record: CXX_FEATURE:1cxx_thread_local
    Feature record: CXX_FEATURE:1cxx_trailing_return_types
    Feature record: CXX_FEATURE:1cxx_unicode_literals
    Feature record: CXX_FEATURE:1cxx_uniform_initialization
    Feature record: CXX_FEATURE:1cxx_unrestricted_unions
    Feature record: CXX_FEATURE:1cxx_user_literals
    Feature record: CXX_FEATURE:1cxx_variable_templates
    Feature record: CXX_FEATURE:1cxx_variadic_macros
    Feature record: CXX_FEATURE:1cxx_variadic_templates


Detecting CXX [-std=c++14] compiler features compiled with the following output:
Change Dir: /Users/anwu/Monkeyswedding/Projects/cvc4Preprocess/CVC4/cryptominisat5/build/CMakeFiles/CMakeTmp

Run Build Command:"/usr/bin/make" "cmTC_182fc/fast"
/Applications/Xcode.app/Contents/Developer/usr/bin/make -f CMakeFiles/cmTC_182fc.dir/build.make CMakeFiles/cmTC_182fc.dir/build
Building CXX object CMakeFiles/cmTC_182fc.dir/feature_tests.cxx.o
/Applications/Xcode.app/Contents/Developer/Toolchains/XcodeDefault.xctoolchain/usr/bin/c++    -std=c++14 -o CMakeFiles/cmTC_182fc.dir/feature_tests.cxx.o -c /Users/anwu/Monkeyswedding/Projects/cvc4Preprocess/CVC4/cryptominisat5/build/CMakeFiles/feature_tests.cxx
Linking CXX executable cmTC_182fc
/usr/local/Cellar/cmake/3.12.2/bin/cmake -E cmake_link_script CMakeFiles/cmTC_182fc.dir/link.txt --verbose=1
/Applications/Xcode.app/Contents/Developer/Toolchains/XcodeDefault.xctoolchain/usr/bin/c++    -Wl,-search_paths_first -Wl,-headerpad_max_install_names   CMakeFiles/cmTC_182fc.dir/feature_tests.cxx.o  -o cmTC_182fc 


    Feature record: CXX_FEATURE:1cxx_aggregate_default_initializers
    Feature record: CXX_FEATURE:1cxx_alias_templates
    Feature record: CXX_FEATURE:1cxx_alignas
    Feature record: CXX_FEATURE:1cxx_alignof
    Feature record: CXX_FEATURE:1cxx_attributes
    Feature record: CXX_FEATURE:1cxx_attribute_deprecated
    Feature record: CXX_FEATURE:1cxx_auto_type
    Feature record: CXX_FEATURE:1cxx_binary_literals
    Feature record: CXX_FEATURE:1cxx_constexpr
    Feature record: CXX_FEATURE:1cxx_contextual_conversions
    Feature record: CXX_FEATURE:1cxx_decltype
    Feature record: CXX_FEATURE:1cxx_decltype_auto
    Feature record: CXX_FEATURE:1cxx_decltype_incomplete_return_types
    Feature record: CXX_FEATURE:1cxx_default_function_template_args
    Feature record: CXX_FEATURE:1cxx_defaulted_functions
    Feature record: CXX_FEATURE:1cxx_defaulted_move_initializers
    Feature record: CXX_FEATURE:1cxx_delegating_constructors
    Feature record: CXX_FEATURE:1cxx_deleted_functions
    Feature record: CXX_FEATURE:1cxx_digit_separators
    Feature record: CXX_FEATURE:1cxx_enum_forward_declarations
    Feature record: CXX_FEATURE:1cxx_explicit_conversions
    Feature record: CXX_FEATURE:1cxx_extended_friend_declarations
    Feature record: CXX_FEATURE:1cxx_extern_templates
    Feature record: CXX_FEATURE:1cxx_final
    Feature record: CXX_FEATURE:1cxx_func_identifier
    Feature record: CXX_FEATURE:1cxx_generalized_initializers
    Feature record: CXX_FEATURE:1cxx_generic_lambdas
    Feature record: CXX_FEATURE:1cxx_inheriting_constructors
    Feature record: CXX_FEATURE:1cxx_inline_namespaces
    Feature record: CXX_FEATURE:1cxx_lambdas
    Feature record: CXX_FEATURE:1cxx_lambda_init_captures
    Feature record: CXX_FEATURE:1cxx_local_type_template_args
    Feature record: CXX_FEATURE:1cxx_long_long_type
    Feature record: CXX_FEATURE:1cxx_noexcept
    Feature record: CXX_FEATURE:1cxx_nonstatic_member_init
    Feature record: CXX_FEATURE:1cxx_nullptr
    Feature record: CXX_FEATURE:1cxx_override
    Feature record: CXX_FEATURE:1cxx_range_for
    Feature record: CXX_FEATURE:1cxx_raw_string_literals
    Feature record: CXX_FEATURE:1cxx_reference_qualified_functions
    Feature record: CXX_FEATURE:1cxx_relaxed_constexpr
    Feature record: CXX_FEATURE:1cxx_return_type_deduction
    Feature record: CXX_FEATURE:1cxx_right_angle_brackets
    Feature record: CXX_FEATURE:1cxx_rvalue_references
    Feature record: CXX_FEATURE:1cxx_sizeof_member
    Feature record: CXX_FEATURE:1cxx_static_assert
    Feature record: CXX_FEATURE:1cxx_strong_enums
    Feature record: CXX_FEATURE:1cxx_template_template_parameters
    Feature record: CXX_FEATURE:1cxx_thread_local
    Feature record: CXX_FEATURE:1cxx_trailing_return_types
    Feature record: CXX_FEATURE:1cxx_unicode_literals
    Feature record: CXX_FEATURE:1cxx_uniform_initialization
    Feature record: CXX_FEATURE:1cxx_unrestricted_unions
    Feature record: CXX_FEATURE:1cxx_user_literals
    Feature record: CXX_FEATURE:1cxx_variable_templates
    Feature record: CXX_FEATURE:1cxx_variadic_macros
    Feature record: CXX_FEATURE:1cxx_variadic_templates


Detecting CXX [-std=c++11] compiler features compiled with the following output:
Change Dir: /Users/anwu/Monkeyswedding/Projects/cvc4Preprocess/CVC4/cryptominisat5/build/CMakeFiles/CMakeTmp

Run Build Command:"/usr/bin/make" "cmTC_62123/fast"
/Applications/Xcode.app/Contents/Developer/usr/bin/make -f CMakeFiles/cmTC_62123.dir/build.make CMakeFiles/cmTC_62123.dir/build
Building CXX object CMakeFiles/cmTC_62123.dir/feature_tests.cxx.o
/Applications/Xcode.app/Contents/Developer/Toolchains/XcodeDefault.xctoolchain/usr/bin/c++    -std=c++11 -o CMakeFiles/cmTC_62123.dir/feature_tests.cxx.o -c /Users/anwu/Monkeyswedding/Projects/cvc4Preprocess/CVC4/cryptominisat5/build/CMakeFiles/feature_tests.cxx
Linking CXX executable cmTC_62123
/usr/local/Cellar/cmake/3.12.2/bin/cmake -E cmake_link_script CMakeFiles/cmTC_62123.dir/link.txt --verbose=1
/Applications/Xcode.app/Contents/Developer/Toolchains/XcodeDefault.xctoolchain/usr/bin/c++    -Wl,-search_paths_first -Wl,-headerpad_max_install_names   CMakeFiles/cmTC_62123.dir/feature_tests.cxx.o  -o cmTC_62123 


    Feature record: CXX_FEATURE:0cxx_aggregate_default_initializers
    Feature record: CXX_FEATURE:1cxx_alias_templates
    Feature record: CXX_FEATURE:1cxx_alignas
    Feature record: CXX_FEATURE:1cxx_alignof
    Feature record: CXX_FEATURE:1cxx_attributes
    Feature record: CXX_FEATURE:0cxx_attribute_deprecated
    Feature record: CXX_FEATURE:1cxx_auto_type
    Feature record: CXX_FEATURE:0cxx_binary_literals
    Feature record: CXX_FEATURE:1cxx_constexpr
    Feature record: CXX_FEATURE:0cxx_contextual_conversions
    Feature record: CXX_FEATURE:1cxx_decltype
    Feature record: CXX_FEATURE:0cxx_decltype_auto
    Feature record: CXX_FEATURE:1cxx_decltype_incomplete_return_types
    Feature record: CXX_FEATURE:1cxx_default_function_template_args
    Feature record: CXX_FEATURE:1cxx_defaulted_functions
    Feature record: CXX_FEATURE:1cxx_defaulted_move_initializers
    Feature record: CXX_FEATURE:1cxx_delegating_constructors
    Feature record: CXX_FEATURE:1cxx_deleted_functions
    Feature record: CXX_FEATURE:0cxx_digit_separators
    Feature record: CXX_FEATURE:1cxx_enum_forward_declarations
    Feature record: CXX_FEATURE:1cxx_explicit_conversions
    Feature record: CXX_FEATURE:1cxx_extended_friend_declarations
    Feature record: CXX_FEATURE:1cxx_extern_templates
    Feature record: CXX_FEATURE:1cxx_final
    Feature record: CXX_FEATURE:1cxx_func_identifier
    Feature record: CXX_FEATURE:1cxx_generalized_initializers
    Feature record: CXX_FEATURE:0cxx_generic_lambdas
    Feature record: CXX_FEATURE:1cxx_inheriting_constructors
    Feature record: CXX_FEATURE:1cxx_inline_namespaces
    Feature record: CXX_FEATURE:1cxx_lambdas
    Feature record: CXX_FEATURE:0cxx_lambda_init_captures
    Feature record: CXX_FEATURE:1cxx_local_type_template_args
    Feature record: CXX_FEATURE:1cxx_long_long_type
    Feature record: CXX_FEATURE:1cxx_noexcept
    Feature record: CXX_FEATURE:1cxx_nonstatic_member_init
    Feature record: CXX_FEATURE:1cxx_nullptr
    Feature record: CXX_FEATURE:1cxx_override
    Feature record: CXX_FEATURE:1cxx_range_for
    Feature record: CXX_FEATURE:1cxx_raw_string_literals
    Feature record: CXX_FEATURE:1cxx_reference_qualified_functions
    Feature record: CXX_FEATURE:0cxx_relaxed_constexpr
    Feature record: CXX_FEATURE:0cxx_return_type_deduction
    Feature record: CXX_FEATURE:1cxx_right_angle_brackets
    Feature record: CXX_FEATURE:1cxx_rvalue_references
    Feature record: CXX_FEATURE:1cxx_sizeof_member
    Feature record: CXX_FEATURE:1cxx_static_assert
    Feature record: CXX_FEATURE:1cxx_strong_enums
    Feature record: CXX_FEATURE:1cxx_template_template_parameters
    Feature record: CXX_FEATURE:1cxx_thread_local
    Feature record: CXX_FEATURE:1cxx_trailing_return_types
    Feature record: CXX_FEATURE:1cxx_unicode_literals
    Feature record: CXX_FEATURE:1cxx_uniform_initialization
    Feature record: CXX_FEATURE:1cxx_unrestricted_unions
    Feature record: CXX_FEATURE:1cxx_user_literals
    Feature record: CXX_FEATURE:0cxx_variable_templates
    Feature record: CXX_FEATURE:1cxx_variadic_macros
    Feature record: CXX_FEATURE:1cxx_variadic_templates


Detecting CXX [-std=c++98] compiler features compiled with the following output:
Change Dir: /Users/anwu/Monkeyswedding/Projects/cvc4Preprocess/CVC4/cryptominisat5/build/CMakeFiles/CMakeTmp

Run Build Command:"/usr/bin/make" "cmTC_65a8d/fast"
/Applications/Xcode.app/Contents/Developer/usr/bin/make -f CMakeFiles/cmTC_65a8d.dir/build.make CMakeFiles/cmTC_65a8d.dir/build
Building CXX object CMakeFiles/cmTC_65a8d.dir/feature_tests.cxx.o
/Applications/Xcode.app/Contents/Developer/Toolchains/XcodeDefault.xctoolchain/usr/bin/c++    -std=c++98 -o CMakeFiles/cmTC_65a8d.dir/feature_tests.cxx.o -c /Users/anwu/Monkeyswedding/Projects/cvc4Preprocess/CVC4/cryptominisat5/build/CMakeFiles/feature_tests.cxx
Linking CXX executable cmTC_65a8d
/usr/local/Cellar/cmake/3.12.2/bin/cmake -E cmake_link_script CMakeFiles/cmTC_65a8d.dir/link.txt --verbose=1
/Applications/Xcode.app/Contents/Developer/Toolchains/XcodeDefault.xctoolchain/usr/bin/c++    -Wl,-search_paths_first -Wl,-headerpad_max_install_names   CMakeFiles/cmTC_65a8d.dir/feature_tests.cxx.o  -o cmTC_65a8d 


    Feature record: CXX_FEATURE:0cxx_aggregate_default_initializers
    Feature record: CXX_FEATURE:0cxx_alias_templates
    Feature record: CXX_FEATURE:0cxx_alignas
    Feature record: CXX_FEATURE:0cxx_alignof
    Feature record: CXX_FEATURE:0cxx_attributes
    Feature record: CXX_FEATURE:0cxx_attribute_deprecated
    Feature record: CXX_FEATURE:0cxx_auto_type
    Feature record: CXX_FEATURE:0cxx_binary_literals
    Feature record: CXX_FEATURE:0cxx_constexpr
    Feature record: CXX_FEATURE:0cxx_contextual_conversions
    Feature record: CXX_FEATURE:0cxx_decltype
    Feature record: CXX_FEATURE:0cxx_decltype_auto
    Feature record: CXX_FEATURE:0cxx_decltype_incomplete_return_types
    Feature record: CXX_FEATURE:0cxx_default_function_template_args
    Feature record: CXX_FEATURE:0cxx_defaulted_functions
    Feature record: CXX_FEATURE:0cxx_defaulted_move_initializers
    Feature record: CXX_FEATURE:0cxx_delegating_constructors
    Feature record: CXX_FEATURE:0cxx_deleted_functions
    Feature record: CXX_FEATURE:0cxx_digit_separators
    Feature record: CXX_FEATURE:0cxx_enum_forward_declarations
    Feature record: CXX_FEATURE:0cxx_explicit_conversions
    Feature record: CXX_FEATURE:0cxx_extended_friend_declarations
    Feature record: CXX_FEATURE:0cxx_extern_templates
    Feature record: CXX_FEATURE:0cxx_final
    Feature record: CXX_FEATURE:0cxx_func_identifier
    Feature record: CXX_FEATURE:0cxx_generalized_initializers
    Feature record: CXX_FEATURE:0cxx_generic_lambdas
    Feature record: CXX_FEATURE:0cxx_inheriting_constructors
    Feature record: CXX_FEATURE:0cxx_inline_namespaces
    Feature record: CXX_FEATURE:0cxx_lambdas
    Feature record: CXX_FEATURE:0cxx_lambda_init_captures
    Feature record: CXX_FEATURE:0cxx_local_type_template_args
    Feature record: CXX_FEATURE:0cxx_long_long_type
    Feature record: CXX_FEATURE:0cxx_noexcept
    Feature record: CXX_FEATURE:0cxx_nonstatic_member_init
    Feature record: CXX_FEATURE:0cxx_nullptr
    Feature record: CXX_FEATURE:0cxx_override
    Feature record: CXX_FEATURE:0cxx_range_for
    Feature record: CXX_FEATURE:0cxx_raw_string_literals
    Feature record: CXX_FEATURE:0cxx_reference_qualified_functions
    Feature record: CXX_FEATURE:0cxx_relaxed_constexpr
    Feature record: CXX_FEATURE:0cxx_return_type_deduction
    Feature record: CXX_FEATURE:0cxx_right_angle_brackets
    Feature record: CXX_FEATURE:0cxx_rvalue_references
    Feature record: CXX_FEATURE:0cxx_sizeof_member
    Feature record: CXX_FEATURE:0cxx_static_assert
    Feature record: CXX_FEATURE:0cxx_strong_enums
    Feature record: CXX_FEATURE:1cxx_template_template_parameters
    Feature record: CXX_FEATURE:0cxx_thread_local
    Feature record: CXX_FEATURE:0cxx_trailing_return_types
    Feature record: CXX_FEATURE:0cxx_unicode_literals
    Feature record: CXX_FEATURE:0cxx_uniform_initialization
    Feature record: CXX_FEATURE:0cxx_unrestricted_unions
    Feature record: CXX_FEATURE:0cxx_user_literals
    Feature record: CXX_FEATURE:0cxx_variable_templates
    Feature record: CXX_FEATURE:0cxx_variadic_macros
    Feature record: CXX_FEATURE:0cxx_variadic_templates
Determining if the include file pthread.h exists passed with the following output:
Change Dir: /Users/anwu/Monkeyswedding/Projects/cvc4Preprocess/CVC4/cryptominisat5/build/CMakeFiles/CMakeTmp

Run Build Command:"/usr/bin/make" "cmTC_64a0e/fast"
/Applications/Xcode.app/Contents/Developer/usr/bin/make -f CMakeFiles/cmTC_64a0e.dir/build.make CMakeFiles/cmTC_64a0e.dir/build
Building C object CMakeFiles/cmTC_64a0e.dir/CheckIncludeFile.c.o
/Applications/Xcode.app/Contents/Developer/Toolchains/XcodeDefault.xctoolchain/usr/bin/cc    -o CMakeFiles/cmTC_64a0e.dir/CheckIncludeFile.c.o   -c /Users/anwu/Monkeyswedding/Projects/cvc4Preprocess/CVC4/cryptominisat5/build/CMakeFiles/CMakeTmp/CheckIncludeFile.c
Linking C executable cmTC_64a0e
/usr/local/Cellar/cmake/3.12.2/bin/cmake -E cmake_link_script CMakeFiles/cmTC_64a0e.dir/link.txt --verbose=1
/Applications/Xcode.app/Contents/Developer/Toolchains/XcodeDefault.xctoolchain/usr/bin/cc   -Wl,-search_paths_first -Wl,-headerpad_max_install_names   CMakeFiles/cmTC_64a0e.dir/CheckIncludeFile.c.o  -o cmTC_64a0e 


Determining if the pthread_create exist passed with the following output:
Change Dir: /Users/anwu/Monkeyswedding/Projects/cvc4Preprocess/CVC4/cryptominisat5/build/CMakeFiles/CMakeTmp

Run Build Command:"/usr/bin/make" "cmTC_62d67/fast"
/Applications/Xcode.app/Contents/Developer/usr/bin/make -f CMakeFiles/cmTC_62d67.dir/build.make CMakeFiles/cmTC_62d67.dir/build
Building C object CMakeFiles/cmTC_62d67.dir/CheckSymbolExists.c.o
/Applications/Xcode.app/Contents/Developer/Toolchains/XcodeDefault.xctoolchain/usr/bin/cc    -o CMakeFiles/cmTC_62d67.dir/CheckSymbolExists.c.o   -c /Users/anwu/Monkeyswedding/Projects/cvc4Preprocess/CVC4/cryptominisat5/build/CMakeFiles/CMakeTmp/CheckSymbolExists.c
Linking C executable cmTC_62d67
/usr/local/Cellar/cmake/3.12.2/bin/cmake -E cmake_link_script CMakeFiles/cmTC_62d67.dir/link.txt --verbose=1
/Applications/Xcode.app/Contents/Developer/Toolchains/XcodeDefault.xctoolchain/usr/bin/cc   -Wl,-search_paths_first -Wl,-headerpad_max_install_names   CMakeFiles/cmTC_62d67.dir/CheckSymbolExists.c.o  -o cmTC_62d67 

File /Users/anwu/Monkeyswedding/Projects/cvc4Preprocess/CVC4/cryptominisat5/build/CMakeFiles/CMakeTmp/CheckSymbolExists.c:
/* */
#include <pthread.h>

int main(int argc, char** argv)
{
  (void)argv;
#ifndef pthread_create
  return ((int*)(&pthread_create))[argc];
#else
  (void)argc;
  return 0;
#endif
}

Performing C++ SOURCE FILE Test HAVE_FLAG_-mtune=native succeeded with the following output:
Change Dir: /Users/anwu/Monkeyswedding/Projects/cvc4Preprocess/CVC4/cryptominisat5/build/CMakeFiles/CMakeTmp

Run Build Command:"/usr/bin/make" "cmTC_2ddc2/fast"
/Applications/Xcode.app/Contents/Developer/usr/bin/make -f CMakeFiles/cmTC_2ddc2.dir/build.make CMakeFiles/cmTC_2ddc2.dir/build
Building CXX object CMakeFiles/cmTC_2ddc2.dir/src.cxx.o
/Applications/Xcode.app/Contents/Developer/Toolchains/XcodeDefault.xctoolchain/usr/bin/c++    -DHAVE_FLAG_-mtune=native   -mtune=native -o CMakeFiles/cmTC_2ddc2.dir/src.cxx.o -c /Users/anwu/Monkeyswedding/Projects/cvc4Preprocess/CVC4/cryptominisat5/build/CMakeFiles/CMakeTmp/src.cxx
In file included from <built-in>:353:
<command line>:1:19: warning: whitespace recommended after macro name
#define HAVE_FLAG_-mtune native
                  ^
1 warning generated.
Linking CXX executable cmTC_2ddc2
/usr/local/Cellar/cmake/3.12.2/bin/cmake -E cmake_link_script CMakeFiles/cmTC_2ddc2.dir/link.txt --verbose=1
/Applications/Xcode.app/Contents/Developer/Toolchains/XcodeDefault.xctoolchain/usr/bin/c++   -DHAVE_FLAG_-mtune=native -Wl,-search_paths_first -Wl,-headerpad_max_install_names  -O2  CMakeFiles/cmTC_2ddc2.dir/src.cxx.o  -o cmTC_2ddc2 

Source file was:
int main() { return 0; }
Performing C++ SOURCE FILE Test HAVE_FLAG_-Wall succeeded with the following output:
Change Dir: /Users/anwu/Monkeyswedding/Projects/cvc4Preprocess/CVC4/cryptominisat5/build/CMakeFiles/CMakeTmp

Run Build Command:"/usr/bin/make" "cmTC_fdade/fast"
/Applications/Xcode.app/Contents/Developer/usr/bin/make -f CMakeFiles/cmTC_fdade.dir/build.make CMakeFiles/cmTC_fdade.dir/build
Building CXX object CMakeFiles/cmTC_fdade.dir/src.cxx.o
/Applications/Xcode.app/Contents/Developer/Toolchains/XcodeDefault.xctoolchain/usr/bin/c++    -mtune=native -DHAVE_FLAG_-Wall   -Wall -o CMakeFiles/cmTC_fdade.dir/src.cxx.o -c /Users/anwu/Monkeyswedding/Projects/cvc4Preprocess/CVC4/cryptominisat5/build/CMakeFiles/CMakeTmp/src.cxx
In file included from <built-in>:353:
<command line>:1:19: warning: whitespace recommended after macro name
#define HAVE_FLAG_-Wall 1
                  ^
1 warning generated.
Linking CXX executable cmTC_fdade
/usr/local/Cellar/cmake/3.12.2/bin/cmake -E cmake_link_script CMakeFiles/cmTC_fdade.dir/link.txt --verbose=1
/Applications/Xcode.app/Contents/Developer/Toolchains/XcodeDefault.xctoolchain/usr/bin/c++   -mtune=native -DHAVE_FLAG_-Wall -Wl,-search_paths_first -Wl,-headerpad_max_install_names  -O2  CMakeFiles/cmTC_fdade.dir/src.cxx.o  -o cmTC_fdade 

Source file was:
int main() { return 0; }
Performing C++ SOURCE FILE Test HAVE_FLAG_-Wextra succeeded with the following output:
Change Dir: /Users/anwu/Monkeyswedding/Projects/cvc4Preprocess/CVC4/cryptominisat5/build/CMakeFiles/CMakeTmp

Run Build Command:"/usr/bin/make" "cmTC_6efe5/fast"
/Applications/Xcode.app/Contents/Developer/usr/bin/make -f CMakeFiles/cmTC_6efe5.dir/build.make CMakeFiles/cmTC_6efe5.dir/build
Building CXX object CMakeFiles/cmTC_6efe5.dir/src.cxx.o
/Applications/Xcode.app/Contents/Developer/Toolchains/XcodeDefault.xctoolchain/usr/bin/c++    -mtune=native -Wall -DHAVE_FLAG_-Wextra   -Wextra -o CMakeFiles/cmTC_6efe5.dir/src.cxx.o -c /Users/anwu/Monkeyswedding/Projects/cvc4Preprocess/CVC4/cryptominisat5/build/CMakeFiles/CMakeTmp/src.cxx
In file included from <built-in>:353:
<command line>:1:19: warning: whitespace recommended after macro name
#define HAVE_FLAG_-Wextra 1
                  ^
1 warning generated.
Linking CXX executable cmTC_6efe5
/usr/local/Cellar/cmake/3.12.2/bin/cmake -E cmake_link_script CMakeFiles/cmTC_6efe5.dir/link.txt --verbose=1
/Applications/Xcode.app/Contents/Developer/Toolchains/XcodeDefault.xctoolchain/usr/bin/c++   -mtune=native -Wall -DHAVE_FLAG_-Wextra -Wl,-search_paths_first -Wl,-headerpad_max_install_names  -O2  CMakeFiles/cmTC_6efe5.dir/src.cxx.o  -o cmTC_6efe5 

Source file was:
int main() { return 0; }
Performing C++ SOURCE FILE Test HAVE_FLAG_-Wunused succeeded with the following output:
Change Dir: /Users/anwu/Monkeyswedding/Projects/cvc4Preprocess/CVC4/cryptominisat5/build/CMakeFiles/CMakeTmp

Run Build Command:"/usr/bin/make" "cmTC_ae7bc/fast"
/Applications/Xcode.app/Contents/Developer/usr/bin/make -f CMakeFiles/cmTC_ae7bc.dir/build.make CMakeFiles/cmTC_ae7bc.dir/build
Building CXX object CMakeFiles/cmTC_ae7bc.dir/src.cxx.o
/Applications/Xcode.app/Contents/Developer/Toolchains/XcodeDefault.xctoolchain/usr/bin/c++    -mtune=native -Wall -Wextra -DHAVE_FLAG_-Wunused   -Wunused -o CMakeFiles/cmTC_ae7bc.dir/src.cxx.o -c /Users/anwu/Monkeyswedding/Projects/cvc4Preprocess/CVC4/cryptominisat5/build/CMakeFiles/CMakeTmp/src.cxx
In file included from <built-in>:353:
<command line>:1:19: warning: whitespace recommended after macro name
#define HAVE_FLAG_-Wunused 1
                  ^
1 warning generated.
Linking CXX executable cmTC_ae7bc
/usr/local/Cellar/cmake/3.12.2/bin/cmake -E cmake_link_script CMakeFiles/cmTC_ae7bc.dir/link.txt --verbose=1
/Applications/Xcode.app/Contents/Developer/Toolchains/XcodeDefault.xctoolchain/usr/bin/c++   -mtune=native -Wall -Wextra -DHAVE_FLAG_-Wunused -Wl,-search_paths_first -Wl,-headerpad_max_install_names  -O2  CMakeFiles/cmTC_ae7bc.dir/src.cxx.o  -o cmTC_ae7bc 

Source file was:
int main() { return 0; }
Performing C++ SOURCE FILE Test HAVE_FLAG_-Wsign-compare succeeded with the following output:
Change Dir: /Users/anwu/Monkeyswedding/Projects/cvc4Preprocess/CVC4/cryptominisat5/build/CMakeFiles/CMakeTmp

Run Build Command:"/usr/bin/make" "cmTC_531c3/fast"
/Applications/Xcode.app/Contents/Developer/usr/bin/make -f CMakeFiles/cmTC_531c3.dir/build.make CMakeFiles/cmTC_531c3.dir/build
Building CXX object CMakeFiles/cmTC_531c3.dir/src.cxx.o
/Applications/Xcode.app/Contents/Developer/Toolchains/XcodeDefault.xctoolchain/usr/bin/c++    -mtune=native -Wall -Wextra -Wunused -DHAVE_FLAG_-Wsign-compare   -Wsign-compare -o CMakeFiles/cmTC_531c3.dir/src.cxx.o -c /Users/anwu/Monkeyswedding/Projects/cvc4Preprocess/CVC4/cryptominisat5/build/CMakeFiles/CMakeTmp/src.cxx
In file included from <built-in>:353:
<command line>:1:19: warning: whitespace recommended after macro name
#define HAVE_FLAG_-Wsign-compare 1
                  ^
1 warning generated.
Linking CXX executable cmTC_531c3
/usr/local/Cellar/cmake/3.12.2/bin/cmake -E cmake_link_script CMakeFiles/cmTC_531c3.dir/link.txt --verbose=1
/Applications/Xcode.app/Contents/Developer/Toolchains/XcodeDefault.xctoolchain/usr/bin/c++   -mtune=native -Wall -Wextra -Wunused -DHAVE_FLAG_-Wsign-compare -Wl,-search_paths_first -Wl,-headerpad_max_install_names  -O2  CMakeFiles/cmTC_531c3.dir/src.cxx.o  -o cmTC_531c3 

Source file was:
int main() { return 0; }
Performing C++ SOURCE FILE Test HAVE_FLAG_-fno-omit-frame-pointer succeeded with the following output:
Change Dir: /Users/anwu/Monkeyswedding/Projects/cvc4Preprocess/CVC4/cryptominisat5/build/CMakeFiles/CMakeTmp

Run Build Command:"/usr/bin/make" "cmTC_671a1/fast"
/Applications/Xcode.app/Contents/Developer/usr/bin/make -f CMakeFiles/cmTC_671a1.dir/build.make CMakeFiles/cmTC_671a1.dir/build
Building CXX object CMakeFiles/cmTC_671a1.dir/src.cxx.o
/Applications/Xcode.app/Contents/Developer/Toolchains/XcodeDefault.xctoolchain/usr/bin/c++    -mtune=native -Wall -Wextra -Wunused -Wsign-compare -DHAVE_FLAG_-fno-omit-frame-pointer   -fno-omit-frame-pointer -o CMakeFiles/cmTC_671a1.dir/src.cxx.o -c /Users/anwu/Monkeyswedding/Projects/cvc4Preprocess/CVC4/cryptominisat5/build/CMakeFiles/CMakeTmp/src.cxx
In file included from <built-in>:353:
<command line>:1:19: warning: whitespace recommended after macro name
#define HAVE_FLAG_-fno-omit-frame-pointer 1
                  ^
1 warning generated.
Linking CXX executable cmTC_671a1
/usr/local/Cellar/cmake/3.12.2/bin/cmake -E cmake_link_script CMakeFiles/cmTC_671a1.dir/link.txt --verbose=1
/Applications/Xcode.app/Contents/Developer/Toolchains/XcodeDefault.xctoolchain/usr/bin/c++   -mtune=native -Wall -Wextra -Wunused -Wsign-compare -DHAVE_FLAG_-fno-omit-frame-pointer -Wl,-search_paths_first -Wl,-headerpad_max_install_names  -O2  CMakeFiles/cmTC_671a1.dir/src.cxx.o  -o cmTC_671a1 

Source file was:
int main() { return 0; }
Performing C++ SOURCE FILE Test HAVE_FLAG_-Wtype-limits succeeded with the following output:
Change Dir: /Users/anwu/Monkeyswedding/Projects/cvc4Preprocess/CVC4/cryptominisat5/build/CMakeFiles/CMakeTmp

Run Build Command:"/usr/bin/make" "cmTC_7b94b/fast"
/Applications/Xcode.app/Contents/Developer/usr/bin/make -f CMakeFiles/cmTC_7b94b.dir/build.make CMakeFiles/cmTC_7b94b.dir/build
Building CXX object CMakeFiles/cmTC_7b94b.dir/src.cxx.o
/Applications/Xcode.app/Contents/Developer/Toolchains/XcodeDefault.xctoolchain/usr/bin/c++    -mtune=native -Wall -Wextra -Wunused -Wsign-compare -fno-omit-frame-pointer -DHAVE_FLAG_-Wtype-limits   -Wtype-limits -o CMakeFiles/cmTC_7b94b.dir/src.cxx.o -c /Users/anwu/Monkeyswedding/Projects/cvc4Preprocess/CVC4/cryptominisat5/build/CMakeFiles/CMakeTmp/src.cxx
In file included from <built-in>:353:
<command line>:1:19: warning: whitespace recommended after macro name
#define HAVE_FLAG_-Wtype-limits 1
                  ^
1 warning generated.
Linking CXX executable cmTC_7b94b
/usr/local/Cellar/cmake/3.12.2/bin/cmake -E cmake_link_script CMakeFiles/cmTC_7b94b.dir/link.txt --verbose=1
/Applications/Xcode.app/Contents/Developer/Toolchains/XcodeDefault.xctoolchain/usr/bin/c++   -mtune=native -Wall -Wextra -Wunused -Wsign-compare -fno-omit-frame-pointer -DHAVE_FLAG_-Wtype-limits -Wl,-search_paths_first -Wl,-headerpad_max_install_names  -O2  CMakeFiles/cmTC_7b94b.dir/src.cxx.o  -o cmTC_7b94b 

Source file was:
int main() { return 0; }
Performing C++ SOURCE FILE Test HAVE_FLAG_-Wuninitialized succeeded with the following output:
Change Dir: /Users/anwu/Monkeyswedding/Projects/cvc4Preprocess/CVC4/cryptominisat5/build/CMakeFiles/CMakeTmp

Run Build Command:"/usr/bin/make" "cmTC_ac968/fast"
/Applications/Xcode.app/Contents/Developer/usr/bin/make -f CMakeFiles/cmTC_ac968.dir/build.make CMakeFiles/cmTC_ac968.dir/build
Building CXX object CMakeFiles/cmTC_ac968.dir/src.cxx.o
/Applications/Xcode.app/Contents/Developer/Toolchains/XcodeDefault.xctoolchain/usr/bin/c++    -mtune=native -Wall -Wextra -Wunused -Wsign-compare -fno-omit-frame-pointer -Wtype-limits -DHAVE_FLAG_-Wuninitialized   -Wuninitialized -o CMakeFiles/cmTC_ac968.dir/src.cxx.o -c /Users/anwu/Monkeyswedding/Projects/cvc4Preprocess/CVC4/cryptominisat5/build/CMakeFiles/CMakeTmp/src.cxx
In file included from <built-in>:353:
<command line>:1:19: warning: whitespace recommended after macro name
#define HAVE_FLAG_-Wuninitialized 1
                  ^
1 warning generated.
Linking CXX executable cmTC_ac968
/usr/local/Cellar/cmake/3.12.2/bin/cmake -E cmake_link_script CMakeFiles/cmTC_ac968.dir/link.txt --verbose=1
/Applications/Xcode.app/Contents/Developer/Toolchains/XcodeDefault.xctoolchain/usr/bin/c++   -mtune=native -Wall -Wextra -Wunused -Wsign-compare -fno-omit-frame-pointer -Wtype-limits -DHAVE_FLAG_-Wuninitialized -Wl,-search_paths_first -Wl,-headerpad_max_install_names  -O2  CMakeFiles/cmTC_ac968.dir/src.cxx.o  -o cmTC_ac968 

Source file was:
int main() { return 0; }
Performing C++ SOURCE FILE Test HAVE_FLAG_-Wno-deprecated succeeded with the following output:
Change Dir: /Users/anwu/Monkeyswedding/Projects/cvc4Preprocess/CVC4/cryptominisat5/build/CMakeFiles/CMakeTmp

Run Build Command:"/usr/bin/make" "cmTC_7287d/fast"
/Applications/Xcode.app/Contents/Developer/usr/bin/make -f CMakeFiles/cmTC_7287d.dir/build.make CMakeFiles/cmTC_7287d.dir/build
Building CXX object CMakeFiles/cmTC_7287d.dir/src.cxx.o
/Applications/Xcode.app/Contents/Developer/Toolchains/XcodeDefault.xctoolchain/usr/bin/c++    -mtune=native -Wall -Wextra -Wunused -Wsign-compare -fno-omit-frame-pointer -Wtype-limits -Wuninitialized -DHAVE_FLAG_-Wno-deprecated   -Wno-deprecated -o CMakeFiles/cmTC_7287d.dir/src.cxx.o -c /Users/anwu/Monkeyswedding/Projects/cvc4Preprocess/CVC4/cryptominisat5/build/CMakeFiles/CMakeTmp/src.cxx
In file included from <built-in>:352:
<command line>:1:19: warning: whitespace recommended after macro name
#define HAVE_FLAG_-Wno-deprecated 1
                  ^
1 warning generated.
Linking CXX executable cmTC_7287d
/usr/local/Cellar/cmake/3.12.2/bin/cmake -E cmake_link_script CMakeFiles/cmTC_7287d.dir/link.txt --verbose=1
/Applications/Xcode.app/Contents/Developer/Toolchains/XcodeDefault.xctoolchain/usr/bin/c++   -mtune=native -Wall -Wextra -Wunused -Wsign-compare -fno-omit-frame-pointer -Wtype-limits -Wuninitialized -DHAVE_FLAG_-Wno-deprecated -Wl,-search_paths_first -Wl,-headerpad_max_install_names  -O2  CMakeFiles/cmTC_7287d.dir/src.cxx.o  -o cmTC_7287d 

Source file was:
int main() { return 0; }
Performing C++ SOURCE FILE Test HAVE_FLAG_-Wstrict-aliasing succeeded with the following output:
Change Dir: /Users/anwu/Monkeyswedding/Projects/cvc4Preprocess/CVC4/cryptominisat5/build/CMakeFiles/CMakeTmp

Run Build Command:"/usr/bin/make" "cmTC_a79ca/fast"
/Applications/Xcode.app/Contents/Developer/usr/bin/make -f CMakeFiles/cmTC_a79ca.dir/build.make CMakeFiles/cmTC_a79ca.dir/build
Building CXX object CMakeFiles/cmTC_a79ca.dir/src.cxx.o
/Applications/Xcode.app/Contents/Developer/Toolchains/XcodeDefault.xctoolchain/usr/bin/c++    -mtune=native -Wall -Wextra -Wunused -Wsign-compare -fno-omit-frame-pointer -Wtype-limits -Wuninitialized -Wno-deprecated -DHAVE_FLAG_-Wstrict-aliasing   -Wstrict-aliasing -o CMakeFiles/cmTC_a79ca.dir/src.cxx.o -c /Users/anwu/Monkeyswedding/Projects/cvc4Preprocess/CVC4/cryptominisat5/build/CMakeFiles/CMakeTmp/src.cxx
In file included from <built-in>:352:
<command line>:1:19: warning: whitespace recommended after macro name
#define HAVE_FLAG_-Wstrict-aliasing 1
                  ^
1 warning generated.
Linking CXX executable cmTC_a79ca
/usr/local/Cellar/cmake/3.12.2/bin/cmake -E cmake_link_script CMakeFiles/cmTC_a79ca.dir/link.txt --verbose=1
/Applications/Xcode.app/Contents/Developer/Toolchains/XcodeDefault.xctoolchain/usr/bin/c++   -mtune=native -Wall -Wextra -Wunused -Wsign-compare -fno-omit-frame-pointer -Wtype-limits -Wuninitialized -Wno-deprecated -DHAVE_FLAG_-Wstrict-aliasing -Wl,-search_paths_first -Wl,-headerpad_max_install_names  -O2  CMakeFiles/cmTC_a79ca.dir/src.cxx.o  -o cmTC_a79ca 

Source file was:
int main() { return 0; }
Performing C++ SOURCE FILE Test HAVE_FLAG_-Wpointer-arith succeeded with the following output:
Change Dir: /Users/anwu/Monkeyswedding/Projects/cvc4Preprocess/CVC4/cryptominisat5/build/CMakeFiles/CMakeTmp

Run Build Command:"/usr/bin/make" "cmTC_78e44/fast"
/Applications/Xcode.app/Contents/Developer/usr/bin/make -f CMakeFiles/cmTC_78e44.dir/build.make CMakeFiles/cmTC_78e44.dir/build
Building CXX object CMakeFiles/cmTC_78e44.dir/src.cxx.o
/Applications/Xcode.app/Contents/Developer/Toolchains/XcodeDefault.xctoolchain/usr/bin/c++    -mtune=native -Wall -Wextra -Wunused -Wsign-compare -fno-omit-frame-pointer -Wtype-limits -Wuninitialized -Wno-deprecated -Wstrict-aliasing -DHAVE_FLAG_-Wpointer-arith   -Wpointer-arith -o CMakeFiles/cmTC_78e44.dir/src.cxx.o -c /Users/anwu/Monkeyswedding/Projects/cvc4Preprocess/CVC4/cryptominisat5/build/CMakeFiles/CMakeTmp/src.cxx
In file included from <built-in>:352:
<command line>:1:19: warning: whitespace recommended after macro name
#define HAVE_FLAG_-Wpointer-arith 1
                  ^
1 warning generated.
Linking CXX executable cmTC_78e44
/usr/local/Cellar/cmake/3.12.2/bin/cmake -E cmake_link_script CMakeFiles/cmTC_78e44.dir/link.txt --verbose=1
/Applications/Xcode.app/Contents/Developer/Toolchains/XcodeDefault.xctoolchain/usr/bin/c++   -mtune=native -Wall -Wextra -Wunused -Wsign-compare -fno-omit-frame-pointer -Wtype-limits -Wuninitialized -Wno-deprecated -Wstrict-aliasing -DHAVE_FLAG_-Wpointer-arith -Wl,-search_paths_first -Wl,-headerpad_max_install_names  -O2  CMakeFiles/cmTC_78e44.dir/src.cxx.o  -o cmTC_78e44 

Source file was:
int main() { return 0; }
Performing C++ SOURCE FILE Test HAVE_FLAG_-Wheader-guard succeeded with the following output:
Change Dir: /Users/anwu/Monkeyswedding/Projects/cvc4Preprocess/CVC4/cryptominisat5/build/CMakeFiles/CMakeTmp

Run Build Command:"/usr/bin/make" "cmTC_407d9/fast"
/Applications/Xcode.app/Contents/Developer/usr/bin/make -f CMakeFiles/cmTC_407d9.dir/build.make CMakeFiles/cmTC_407d9.dir/build
Building CXX object CMakeFiles/cmTC_407d9.dir/src.cxx.o
/Applications/Xcode.app/Contents/Developer/Toolchains/XcodeDefault.xctoolchain/usr/bin/c++    -mtune=native -Wall -Wextra -Wunused -Wsign-compare -fno-omit-frame-pointer -Wtype-limits -Wuninitialized -Wno-deprecated -Wstrict-aliasing -Wpointer-arith -DHAVE_FLAG_-Wheader-guard   -Wheader-guard -o CMakeFiles/cmTC_407d9.dir/src.cxx.o -c /Users/anwu/Monkeyswedding/Projects/cvc4Preprocess/CVC4/cryptominisat5/build/CMakeFiles/CMakeTmp/src.cxx
In file included from <built-in>:352:
<command line>:1:19: warning: whitespace recommended after macro name
#define HAVE_FLAG_-Wheader-guard 1
                  ^
1 warning generated.
Linking CXX executable cmTC_407d9
/usr/local/Cellar/cmake/3.12.2/bin/cmake -E cmake_link_script CMakeFiles/cmTC_407d9.dir/link.txt --verbose=1
/Applications/Xcode.app/Contents/Developer/Toolchains/XcodeDefault.xctoolchain/usr/bin/c++   -mtune=native -Wall -Wextra -Wunused -Wsign-compare -fno-omit-frame-pointer -Wtype-limits -Wuninitialized -Wno-deprecated -Wstrict-aliasing -Wpointer-arith -DHAVE_FLAG_-Wheader-guard -Wl,-search_paths_first -Wl,-headerpad_max_install_names  -O2  CMakeFiles/cmTC_407d9.dir/src.cxx.o  -o cmTC_407d9 

Source file was:
int main() { return 0; }
Performing C++ SOURCE FILE Test HAVE_FLAG_-Wformat-nonliteral succeeded with the following output:
Change Dir: /Users/anwu/Monkeyswedding/Projects/cvc4Preprocess/CVC4/cryptominisat5/build/CMakeFiles/CMakeTmp

Run Build Command:"/usr/bin/make" "cmTC_ddacb/fast"
/Applications/Xcode.app/Contents/Developer/usr/bin/make -f CMakeFiles/cmTC_ddacb.dir/build.make CMakeFiles/cmTC_ddacb.dir/build
Building CXX object CMakeFiles/cmTC_ddacb.dir/src.cxx.o
/Applications/Xcode.app/Contents/Developer/Toolchains/XcodeDefault.xctoolchain/usr/bin/c++    -mtune=native -Wall -Wextra -Wunused -Wsign-compare -fno-omit-frame-pointer -Wtype-limits -Wuninitialized -Wno-deprecated -Wstrict-aliasing -Wpointer-arith -Wheader-guard -Wpointer-arith -DHAVE_FLAG_-Wformat-nonliteral   -Wformat-nonliteral -o CMakeFiles/cmTC_ddacb.dir/src.cxx.o -c /Users/anwu/Monkeyswedding/Projects/cvc4Preprocess/CVC4/cryptominisat5/build/CMakeFiles/CMakeTmp/src.cxx
In file included from <built-in>:352:
<command line>:1:19: warning: whitespace recommended after macro name
#define HAVE_FLAG_-Wformat-nonliteral 1
                  ^
1 warning generated.
Linking CXX executable cmTC_ddacb
/usr/local/Cellar/cmake/3.12.2/bin/cmake -E cmake_link_script CMakeFiles/cmTC_ddacb.dir/link.txt --verbose=1
/Applications/Xcode.app/Contents/Developer/Toolchains/XcodeDefault.xctoolchain/usr/bin/c++   -mtune=native -Wall -Wextra -Wunused -Wsign-compare -fno-omit-frame-pointer -Wtype-limits -Wuninitialized -Wno-deprecated -Wstrict-aliasing -Wpointer-arith -Wheader-guard -Wpointer-arith -DHAVE_FLAG_-Wformat-nonliteral -Wl,-search_paths_first -Wl,-headerpad_max_install_names  -O2  CMakeFiles/cmTC_ddacb.dir/src.cxx.o  -o cmTC_ddacb 

Source file was:
int main() { return 0; }
Performing C++ SOURCE FILE Test HAVE_FLAG_-Winit-self succeeded with the following output:
Change Dir: /Users/anwu/Monkeyswedding/Projects/cvc4Preprocess/CVC4/cryptominisat5/build/CMakeFiles/CMakeTmp

Run Build Command:"/usr/bin/make" "cmTC_8f8c2/fast"
/Applications/Xcode.app/Contents/Developer/usr/bin/make -f CMakeFiles/cmTC_8f8c2.dir/build.make CMakeFiles/cmTC_8f8c2.dir/build
Building CXX object CMakeFiles/cmTC_8f8c2.dir/src.cxx.o
/Applications/Xcode.app/Contents/Developer/Toolchains/XcodeDefault.xctoolchain/usr/bin/c++    -mtune=native -Wall -Wextra -Wunused -Wsign-compare -fno-omit-frame-pointer -Wtype-limits -Wuninitialized -Wno-deprecated -Wstrict-aliasing -Wpointer-arith -Wheader-guard -Wpointer-arith -Wformat-nonliteral -DHAVE_FLAG_-Winit-self   -Winit-self -o CMakeFiles/cmTC_8f8c2.dir/src.cxx.o -c /Users/anwu/Monkeyswedding/Projects/cvc4Preprocess/CVC4/cryptominisat5/build/CMakeFiles/CMakeTmp/src.cxx
In file included from <built-in>:352:
<command line>:1:19: warning: whitespace recommended after macro name
#define HAVE_FLAG_-Winit-self 1
                  ^
1 warning generated.
Linking CXX executable cmTC_8f8c2
/usr/local/Cellar/cmake/3.12.2/bin/cmake -E cmake_link_script CMakeFiles/cmTC_8f8c2.dir/link.txt --verbose=1
/Applications/Xcode.app/Contents/Developer/Toolchains/XcodeDefault.xctoolchain/usr/bin/c++   -mtune=native -Wall -Wextra -Wunused -Wsign-compare -fno-omit-frame-pointer -Wtype-limits -Wuninitialized -Wno-deprecated -Wstrict-aliasing -Wpointer-arith -Wheader-guard -Wpointer-arith -Wformat-nonliteral -DHAVE_FLAG_-Winit-self -Wl,-search_paths_first -Wl,-headerpad_max_install_names  -O2  CMakeFiles/cmTC_8f8c2.dir/src.cxx.o  -o cmTC_8f8c2 

Source file was:
int main() { return 0; }
Performing C++ SOURCE FILE Test HAVE_FLAG_-Wparentheses succeeded with the following output:
Change Dir: /Users/anwu/Monkeyswedding/Projects/cvc4Preprocess/CVC4/cryptominisat5/build/CMakeFiles/CMakeTmp

Run Build Command:"/usr/bin/make" "cmTC_854a4/fast"
/Applications/Xcode.app/Contents/Developer/usr/bin/make -f CMakeFiles/cmTC_854a4.dir/build.make CMakeFiles/cmTC_854a4.dir/build
Building CXX object CMakeFiles/cmTC_854a4.dir/src.cxx.o
/Applications/Xcode.app/Contents/Developer/Toolchains/XcodeDefault.xctoolchain/usr/bin/c++    -mtune=native -Wall -Wextra -Wunused -Wsign-compare -fno-omit-frame-pointer -Wtype-limits -Wuninitialized -Wno-deprecated -Wstrict-aliasing -Wpointer-arith -Wheader-guard -Wpointer-arith -Wformat-nonliteral -Winit-self -DHAVE_FLAG_-Wparentheses   -Wparentheses -o CMakeFiles/cmTC_854a4.dir/src.cxx.o -c /Users/anwu/Monkeyswedding/Projects/cvc4Preprocess/CVC4/cryptominisat5/build/CMakeFiles/CMakeTmp/src.cxx
In file included from <built-in>:352:
<command line>:1:19: warning: whitespace recommended after macro name
#define HAVE_FLAG_-Wparentheses 1
                  ^
1 warning generated.
Linking CXX executable cmTC_854a4
/usr/local/Cellar/cmake/3.12.2/bin/cmake -E cmake_link_script CMakeFiles/cmTC_854a4.dir/link.txt --verbose=1
/Applications/Xcode.app/Contents/Developer/Toolchains/XcodeDefault.xctoolchain/usr/bin/c++   -mtune=native -Wall -Wextra -Wunused -Wsign-compare -fno-omit-frame-pointer -Wtype-limits -Wuninitialized -Wno-deprecated -Wstrict-aliasing -Wpointer-arith -Wheader-guard -Wpointer-arith -Wformat-nonliteral -Winit-self -DHAVE_FLAG_-Wparentheses -Wl,-search_paths_first -Wl,-headerpad_max_install_names  -O2  CMakeFiles/cmTC_854a4.dir/src.cxx.o  -o cmTC_854a4 

Source file was:
int main() { return 0; }
Performing C++ SOURCE FILE Test HAVE_FLAG_-Wunreachable-code succeeded with the following output:
Change Dir: /Users/anwu/Monkeyswedding/Projects/cvc4Preprocess/CVC4/cryptominisat5/build/CMakeFiles/CMakeTmp

Run Build Command:"/usr/bin/make" "cmTC_86684/fast"
/Applications/Xcode.app/Contents/Developer/usr/bin/make -f CMakeFiles/cmTC_86684.dir/build.make CMakeFiles/cmTC_86684.dir/build
Building CXX object CMakeFiles/cmTC_86684.dir/src.cxx.o
/Applications/Xcode.app/Contents/Developer/Toolchains/XcodeDefault.xctoolchain/usr/bin/c++    -mtune=native -Wall -Wextra -Wunused -Wsign-compare -fno-omit-frame-pointer -Wtype-limits -Wuninitialized -Wno-deprecated -Wstrict-aliasing -Wpointer-arith -Wheader-guard -Wpointer-arith -Wformat-nonliteral -Winit-self -Wparentheses -DHAVE_FLAG_-Wunreachable-code   -Wunreachable-code -o CMakeFiles/cmTC_86684.dir/src.cxx.o -c /Users/anwu/Monkeyswedding/Projects/cvc4Preprocess/CVC4/cryptominisat5/build/CMakeFiles/CMakeTmp/src.cxx
In file included from <built-in>:352:
<command line>:1:19: warning: whitespace recommended after macro name
#define HAVE_FLAG_-Wunreachable-code 1
                  ^
1 warning generated.
Linking CXX executable cmTC_86684
/usr/local/Cellar/cmake/3.12.2/bin/cmake -E cmake_link_script CMakeFiles/cmTC_86684.dir/link.txt --verbose=1
/Applications/Xcode.app/Contents/Developer/Toolchains/XcodeDefault.xctoolchain/usr/bin/c++   -mtune=native -Wall -Wextra -Wunused -Wsign-compare -fno-omit-frame-pointer -Wtype-limits -Wuninitialized -Wno-deprecated -Wstrict-aliasing -Wpointer-arith -Wheader-guard -Wpointer-arith -Wformat-nonliteral -Winit-self -Wparentheses -DHAVE_FLAG_-Wunreachable-code -Wl,-search_paths_first -Wl,-headerpad_max_install_names  -O2  CMakeFiles/cmTC_86684.dir/src.cxx.o  -o cmTC_86684 

Source file was:
int main() { return 0; }
Performing C++ SOURCE FILE Test HAVE_FLAG_-ggdb3 succeeded with the following output:
Change Dir: /Users/anwu/Monkeyswedding/Projects/cvc4Preprocess/CVC4/cryptominisat5/build/CMakeFiles/CMakeTmp

Run Build Command:"/usr/bin/make" "cmTC_992ef/fast"
/Applications/Xcode.app/Contents/Developer/usr/bin/make -f CMakeFiles/cmTC_992ef.dir/build.make CMakeFiles/cmTC_992ef.dir/build
Building CXX object CMakeFiles/cmTC_992ef.dir/src.cxx.o
/Applications/Xcode.app/Contents/Developer/Toolchains/XcodeDefault.xctoolchain/usr/bin/c++    -mtune=native -Wall -Wextra -Wunused -Wsign-compare -fno-omit-frame-pointer -Wtype-limits -Wuninitialized -Wno-deprecated -Wstrict-aliasing -Wpointer-arith -Wheader-guard -Wpointer-arith -Wformat-nonliteral -Winit-self -Wparentheses -Wunreachable-code -DHAVE_FLAG_-ggdb3   -ggdb3 -o CMakeFiles/cmTC_992ef.dir/src.cxx.o -c /Users/anwu/Monkeyswedding/Projects/cvc4Preprocess/CVC4/cryptominisat5/build/CMakeFiles/CMakeTmp/src.cxx
In file included from <built-in>:352:
<command line>:1:19: warning: whitespace recommended after macro name
#define HAVE_FLAG_-ggdb3 1
                  ^
1 warning generated.
Linking CXX executable cmTC_992ef
/usr/local/Cellar/cmake/3.12.2/bin/cmake -E cmake_link_script CMakeFiles/cmTC_992ef.dir/link.txt --verbose=1
/Applications/Xcode.app/Contents/Developer/Toolchains/XcodeDefault.xctoolchain/usr/bin/c++   -mtune=native -Wall -Wextra -Wunused -Wsign-compare -fno-omit-frame-pointer -Wtype-limits -Wuninitialized -Wno-deprecated -Wstrict-aliasing -Wpointer-arith -Wheader-guard -Wpointer-arith -Wformat-nonliteral -Winit-self -Wparentheses -Wunreachable-code -DHAVE_FLAG_-ggdb3 -Wl,-search_paths_first -Wl,-headerpad_max_install_names  -O2  CMakeFiles/cmTC_992ef.dir/src.cxx.o  -o cmTC_992ef 

Source file was:
int main() { return 0; }
Performing C++ SOURCE FILE Test HAVE_FLAG_-Wno-bitfield-constant-conversion succeeded with the following output:
Change Dir: /Users/anwu/Monkeyswedding/Projects/cvc4Preprocess/CVC4/cryptominisat5/build/CMakeFiles/CMakeTmp

Run Build Command:"/usr/bin/make" "cmTC_bab08/fast"
/Applications/Xcode.app/Contents/Developer/usr/bin/make -f CMakeFiles/cmTC_bab08.dir/build.make CMakeFiles/cmTC_bab08.dir/build
Building CXX object CMakeFiles/cmTC_bab08.dir/src.cxx.o
/Applications/Xcode.app/Contents/Developer/Toolchains/XcodeDefault.xctoolchain/usr/bin/c++    -mtune=native -Wall -Wextra -Wunused -Wsign-compare -fno-omit-frame-pointer -Wtype-limits -Wuninitialized -Wno-deprecated -Wstrict-aliasing -Wpointer-arith -Wheader-guard -Wpointer-arith -Wformat-nonliteral -Winit-self -Wparentheses -Wunreachable-code -ggdb3 -DHAVE_FLAG_-Wno-bitfield-constant-conversion   -Wno-bitfield-constant-conversion -o CMakeFiles/cmTC_bab08.dir/src.cxx.o -c /Users/anwu/Monkeyswedding/Projects/cvc4Preprocess/CVC4/cryptominisat5/build/CMakeFiles/CMakeTmp/src.cxx
In file included from <built-in>:352:
<command line>:1:19: warning: whitespace recommended after macro name
#define HAVE_FLAG_-Wno-bitfield-constant-conversion 1
                  ^
1 warning generated.
Linking CXX executable cmTC_bab08
/usr/local/Cellar/cmake/3.12.2/bin/cmake -E cmake_link_script CMakeFiles/cmTC_bab08.dir/link.txt --verbose=1
/Applications/Xcode.app/Contents/Developer/Toolchains/XcodeDefault.xctoolchain/usr/bin/c++   -mtune=native -Wall -Wextra -Wunused -Wsign-compare -fno-omit-frame-pointer -Wtype-limits -Wuninitialized -Wno-deprecated -Wstrict-aliasing -Wpointer-arith -Wheader-guard -Wpointer-arith -Wformat-nonliteral -Winit-self -Wparentheses -Wunreachable-code -ggdb3 -DHAVE_FLAG_-Wno-bitfield-constant-conversion -Wl,-search_paths_first -Wl,-headerpad_max_install_names  -O2  CMakeFiles/cmTC_bab08.dir/src.cxx.o  -o cmTC_bab08 

Source file was:
int main() { return 0; }
Performing C++ SOURCE FILE Test HAVE_FLAG_-Wnull-dereference succeeded with the following output:
Change Dir: /Users/anwu/Monkeyswedding/Projects/cvc4Preprocess/CVC4/cryptominisat5/build/CMakeFiles/CMakeTmp

Run Build Command:"/usr/bin/make" "cmTC_534e0/fast"
/Applications/Xcode.app/Contents/Developer/usr/bin/make -f CMakeFiles/cmTC_534e0.dir/build.make CMakeFiles/cmTC_534e0.dir/build
Building CXX object CMakeFiles/cmTC_534e0.dir/src.cxx.o
/Applications/Xcode.app/Contents/Developer/Toolchains/XcodeDefault.xctoolchain/usr/bin/c++    -mtune=native -Wall -Wextra -Wunused -Wsign-compare -fno-omit-frame-pointer -Wtype-limits -Wuninitialized -Wno-deprecated -Wstrict-aliasing -Wpointer-arith -Wheader-guard -Wpointer-arith -Wformat-nonliteral -Winit-self -Wparentheses -Wunreachable-code -ggdb3 -Wno-bitfield-constant-conversion -DHAVE_FLAG_-Wnull-dereference   -Wnull-dereference -o CMakeFiles/cmTC_534e0.dir/src.cxx.o -c /Users/anwu/Monkeyswedding/Projects/cvc4Preprocess/CVC4/cryptominisat5/build/CMakeFiles/CMakeTmp/src.cxx
In file included from <built-in>:352:
<command line>:1:19: warning: whitespace recommended after macro name
#define HAVE_FLAG_-Wnull-dereference 1
                  ^
1 warning generated.
Linking CXX executable cmTC_534e0
/usr/local/Cellar/cmake/3.12.2/bin/cmake -E cmake_link_script CMakeFiles/cmTC_534e0.dir/link.txt --verbose=1
/Applications/Xcode.app/Contents/Developer/Toolchains/XcodeDefault.xctoolchain/usr/bin/c++   -mtune=native -Wall -Wextra -Wunused -Wsign-compare -fno-omit-frame-pointer -Wtype-limits -Wuninitialized -Wno-deprecated -Wstrict-aliasing -Wpointer-arith -Wheader-guard -Wpointer-arith -Wformat-nonliteral -Winit-self -Wparentheses -Wunreachable-code -ggdb3 -Wno-bitfield-constant-conversion -DHAVE_FLAG_-Wnull-dereference -Wl,-search_paths_first -Wl,-headerpad_max_install_names  -O2  CMakeFiles/cmTC_534e0.dir/src.cxx.o  -o cmTC_534e0 

Source file was:
int main() { return 0; }
Performing C++ SOURCE FILE Test HAVE_FLAG_-Wdouble-promotion succeeded with the following output:
Change Dir: /Users/anwu/Monkeyswedding/Projects/cvc4Preprocess/CVC4/cryptominisat5/build/CMakeFiles/CMakeTmp

Run Build Command:"/usr/bin/make" "cmTC_1816c/fast"
/Applications/Xcode.app/Contents/Developer/usr/bin/make -f CMakeFiles/cmTC_1816c.dir/build.make CMakeFiles/cmTC_1816c.dir/build
Building CXX object CMakeFiles/cmTC_1816c.dir/src.cxx.o
/Applications/Xcode.app/Contents/Developer/Toolchains/XcodeDefault.xctoolchain/usr/bin/c++    -mtune=native -Wall -Wextra -Wunused -Wsign-compare -fno-omit-frame-pointer -Wtype-limits -Wuninitialized -Wno-deprecated -Wstrict-aliasing -Wpointer-arith -Wheader-guard -Wpointer-arith -Wformat-nonliteral -Winit-self -Wparentheses -Wunreachable-code -ggdb3 -Wno-bitfield-constant-conversion -Wnull-dereference -DHAVE_FLAG_-Wdouble-promotion   -Wdouble-promotion -o CMakeFiles/cmTC_1816c.dir/src.cxx.o -c /Users/anwu/Monkeyswedding/Projects/cvc4Preprocess/CVC4/cryptominisat5/build/CMakeFiles/CMakeTmp/src.cxx
In file included from <built-in>:352:
<command line>:1:19: warning: whitespace recommended after macro name
#define HAVE_FLAG_-Wdouble-promotion 1
                  ^
1 warning generated.
Linking CXX executable cmTC_1816c
/usr/local/Cellar/cmake/3.12.2/bin/cmake -E cmake_link_script CMakeFiles/cmTC_1816c.dir/link.txt --verbose=1
/Applications/Xcode.app/Contents/Developer/Toolchains/XcodeDefault.xctoolchain/usr/bin/c++   -mtune=native -Wall -Wextra -Wunused -Wsign-compare -fno-omit-frame-pointer -Wtype-limits -Wuninitialized -Wno-deprecated -Wstrict-aliasing -Wpointer-arith -Wheader-guard -Wpointer-arith -Wformat-nonliteral -Winit-self -Wparentheses -Wunreachable-code -ggdb3 -Wno-bitfield-constant-conversion -Wnull-dereference -DHAVE_FLAG_-Wdouble-promotion -Wl,-search_paths_first -Wl,-headerpad_max_install_names  -O2  CMakeFiles/cmTC_1816c.dir/src.cxx.o  -o cmTC_1816c 

Source file was:
int main() { return 0; }
Performing C++ SOURCE FILE Test HAVE_FLAG_-Wshadow succeeded with the following output:
Change Dir: /Users/anwu/Monkeyswedding/Projects/cvc4Preprocess/CVC4/cryptominisat5/build/CMakeFiles/CMakeTmp

Run Build Command:"/usr/bin/make" "cmTC_b55f9/fast"
/Applications/Xcode.app/Contents/Developer/usr/bin/make -f CMakeFiles/cmTC_b55f9.dir/build.make CMakeFiles/cmTC_b55f9.dir/build
Building CXX object CMakeFiles/cmTC_b55f9.dir/src.cxx.o
/Applications/Xcode.app/Contents/Developer/Toolchains/XcodeDefault.xctoolchain/usr/bin/c++    -mtune=native -Wall -Wextra -Wunused -Wsign-compare -fno-omit-frame-pointer -Wtype-limits -Wuninitialized -Wno-deprecated -Wstrict-aliasing -Wpointer-arith -Wheader-guard -Wpointer-arith -Wformat-nonliteral -Winit-self -Wparentheses -Wunreachable-code -ggdb3 -Wno-bitfield-constant-conversion -Wnull-dereference -Wdouble-promotion -DHAVE_FLAG_-Wshadow   -Wshadow -o CMakeFiles/cmTC_b55f9.dir/src.cxx.o -c /Users/anwu/Monkeyswedding/Projects/cvc4Preprocess/CVC4/cryptominisat5/build/CMakeFiles/CMakeTmp/src.cxx
In file included from <built-in>:352:
<command line>:1:19: warning: whitespace recommended after macro name
#define HAVE_FLAG_-Wshadow 1
                  ^
1 warning generated.
Linking CXX executable cmTC_b55f9
/usr/local/Cellar/cmake/3.12.2/bin/cmake -E cmake_link_script CMakeFiles/cmTC_b55f9.dir/link.txt --verbose=1
/Applications/Xcode.app/Contents/Developer/Toolchains/XcodeDefault.xctoolchain/usr/bin/c++   -mtune=native -Wall -Wextra -Wunused -Wsign-compare -fno-omit-frame-pointer -Wtype-limits -Wuninitialized -Wno-deprecated -Wstrict-aliasing -Wpointer-arith -Wheader-guard -Wpointer-arith -Wformat-nonliteral -Winit-self -Wparentheses -Wunreachable-code -ggdb3 -Wno-bitfield-constant-conversion -Wnull-dereference -Wdouble-promotion -DHAVE_FLAG_-Wshadow -Wl,-search_paths_first -Wl,-headerpad_max_install_names  -O2  CMakeFiles/cmTC_b55f9.dir/src.cxx.o  -o cmTC_b55f9 

Source file was:
int main() { return 0; }
Performing C++ SOURCE FILE Test HAVE_FLAG_-Wformat=2 succeeded with the following output:
Change Dir: /Users/anwu/Monkeyswedding/Projects/cvc4Preprocess/CVC4/cryptominisat5/build/CMakeFiles/CMakeTmp

Run Build Command:"/usr/bin/make" "cmTC_74054/fast"
/Applications/Xcode.app/Contents/Developer/usr/bin/make -f CMakeFiles/cmTC_74054.dir/build.make CMakeFiles/cmTC_74054.dir/build
Building CXX object CMakeFiles/cmTC_74054.dir/src.cxx.o
/Applications/Xcode.app/Contents/Developer/Toolchains/XcodeDefault.xctoolchain/usr/bin/c++    -mtune=native -Wall -Wextra -Wunused -Wsign-compare -fno-omit-frame-pointer -Wtype-limits -Wuninitialized -Wno-deprecated -Wstrict-aliasing -Wpointer-arith -Wheader-guard -Wpointer-arith -Wformat-nonliteral -Winit-self -Wparentheses -Wunreachable-code -ggdb3 -Wno-bitfield-constant-conversion -Wnull-dereference -Wdouble-promotion -Wshadow -DHAVE_FLAG_-Wformat=2   -Wformat=2 -o CMakeFiles/cmTC_74054.dir/src.cxx.o -c /Users/anwu/Monkeyswedding/Projects/cvc4Preprocess/CVC4/cryptominisat5/build/CMakeFiles/CMakeTmp/src.cxx
In file included from <built-in>:352:
<command line>:1:19: warning: whitespace recommended after macro name
#define HAVE_FLAG_-Wformat 2
                  ^
1 warning generated.
Linking CXX executable cmTC_74054
/usr/local/Cellar/cmake/3.12.2/bin/cmake -E cmake_link_script CMakeFiles/cmTC_74054.dir/link.txt --verbose=1
/Applications/Xcode.app/Contents/Developer/Toolchains/XcodeDefault.xctoolchain/usr/bin/c++   -mtune=native -Wall -Wextra -Wunused -Wsign-compare -fno-omit-frame-pointer -Wtype-limits -Wuninitialized -Wno-deprecated -Wstrict-aliasing -Wpointer-arith -Wheader-guard -Wpointer-arith -Wformat-nonliteral -Winit-self -Wparentheses -Wunreachable-code -ggdb3 -Wno-bitfield-constant-conversion -Wnull-dereference -Wdouble-promotion -Wshadow -DHAVE_FLAG_-Wformat=2 -Wl,-search_paths_first -Wl,-headerpad_max_install_names  -O2  CMakeFiles/cmTC_74054.dir/src.cxx.o  -o cmTC_74054 

Source file was:
int main() { return 0; }
Performing C++ SOURCE FILE Test HAVE_FLAG_-Wextra-semi succeeded with the following output:
Change Dir: /Users/anwu/Monkeyswedding/Projects/cvc4Preprocess/CVC4/cryptominisat5/build/CMakeFiles/CMakeTmp

Run Build Command:"/usr/bin/make" "cmTC_6603c/fast"
/Applications/Xcode.app/Contents/Developer/usr/bin/make -f CMakeFiles/cmTC_6603c.dir/build.make CMakeFiles/cmTC_6603c.dir/build
Building CXX object CMakeFiles/cmTC_6603c.dir/src.cxx.o
/Applications/Xcode.app/Contents/Developer/Toolchains/XcodeDefault.xctoolchain/usr/bin/c++    -mtune=native -Wall -Wextra -Wunused -Wsign-compare -fno-omit-frame-pointer -Wtype-limits -Wuninitialized -Wno-deprecated -Wstrict-aliasing -Wpointer-arith -Wheader-guard -Wpointer-arith -Wformat-nonliteral -Winit-self -Wparentheses -Wunreachable-code -ggdb3 -Wno-bitfield-constant-conversion -Wnull-dereference -Wdouble-promotion -Wshadow -Wformat=2 -DHAVE_FLAG_-Wextra-semi   -Wextra-semi -o CMakeFiles/cmTC_6603c.dir/src.cxx.o -c /Users/anwu/Monkeyswedding/Projects/cvc4Preprocess/CVC4/cryptominisat5/build/CMakeFiles/CMakeTmp/src.cxx
In file included from <built-in>:352:
<command line>:1:19: warning: whitespace recommended after macro name
#define HAVE_FLAG_-Wextra-semi 1
                  ^
1 warning generated.
Linking CXX executable cmTC_6603c
/usr/local/Cellar/cmake/3.12.2/bin/cmake -E cmake_link_script CMakeFiles/cmTC_6603c.dir/link.txt --verbose=1
/Applications/Xcode.app/Contents/Developer/Toolchains/XcodeDefault.xctoolchain/usr/bin/c++   -mtune=native -Wall -Wextra -Wunused -Wsign-compare -fno-omit-frame-pointer -Wtype-limits -Wuninitialized -Wno-deprecated -Wstrict-aliasing -Wpointer-arith -Wheader-guard -Wpointer-arith -Wformat-nonliteral -Winit-self -Wparentheses -Wunreachable-code -ggdb3 -Wno-bitfield-constant-conversion -Wnull-dereference -Wdouble-promotion -Wshadow -Wformat=2 -DHAVE_FLAG_-Wextra-semi -Wl,-search_paths_first -Wl,-headerpad_max_install_names  -O2  CMakeFiles/cmTC_6603c.dir/src.cxx.o  -o cmTC_6603c 

Source file was:
int main() { return 0; }
Performing C++ SOURCE FILE Test HAVE_FLAG_-pedantic succeeded with the following output:
Change Dir: /Users/anwu/Monkeyswedding/Projects/cvc4Preprocess/CVC4/cryptominisat5/build/CMakeFiles/CMakeTmp

Run Build Command:"/usr/bin/make" "cmTC_537b8/fast"
/Applications/Xcode.app/Contents/Developer/usr/bin/make -f CMakeFiles/cmTC_537b8.dir/build.make CMakeFiles/cmTC_537b8.dir/build
Building CXX object CMakeFiles/cmTC_537b8.dir/src.cxx.o
/Applications/Xcode.app/Contents/Developer/Toolchains/XcodeDefault.xctoolchain/usr/bin/c++    -mtune=native -Wall -Wextra -Wunused -Wsign-compare -fno-omit-frame-pointer -Wtype-limits -Wuninitialized -Wno-deprecated -Wstrict-aliasing -Wpointer-arith -Wheader-guard -Wpointer-arith -Wformat-nonliteral -Winit-self -Wparentheses -Wunreachable-code -ggdb3 -Wno-bitfield-constant-conversion -Wnull-dereference -Wdouble-promotion -Wshadow -Wformat=2 -Wextra-semi -DHAVE_FLAG_-pedantic   -pedantic -o CMakeFiles/cmTC_537b8.dir/src.cxx.o -c /Users/anwu/Monkeyswedding/Projects/cvc4Preprocess/CVC4/cryptominisat5/build/CMakeFiles/CMakeTmp/src.cxx
In file included from <built-in>:352:
<command line>:1:19: warning: whitespace recommended after macro name
#define HAVE_FLAG_-pedantic 1
                  ^
1 warning generated.
Linking CXX executable cmTC_537b8
/usr/local/Cellar/cmake/3.12.2/bin/cmake -E cmake_link_script CMakeFiles/cmTC_537b8.dir/link.txt --verbose=1
/Applications/Xcode.app/Contents/Developer/Toolchains/XcodeDefault.xctoolchain/usr/bin/c++   -mtune=native -Wall -Wextra -Wunused -Wsign-compare -fno-omit-frame-pointer -Wtype-limits -Wuninitialized -Wno-deprecated -Wstrict-aliasing -Wpointer-arith -Wheader-guard -Wpointer-arith -Wformat-nonliteral -Winit-self -Wparentheses -Wunreachable-code -ggdb3 -Wno-bitfield-constant-conversion -Wnull-dereference -Wdouble-promotion -Wshadow -Wformat=2 -Wextra-semi -DHAVE_FLAG_-pedantic -Wl,-search_paths_first -Wl,-headerpad_max_install_names  -O2  CMakeFiles/cmTC_537b8.dir/src.cxx.o  -o cmTC_537b8 

Source file was:
int main() { return 0; }
Performing C++ SOURCE FILE Test COMPILER_HAS_HIDDEN_VISIBILITY succeeded with the following output:
Change Dir: /Users/anwu/Monkeyswedding/Projects/cvc4Preprocess/CVC4/cryptominisat5/build/CMakeFiles/CMakeTmp

Run Build Command:"/usr/bin/make" "cmTC_68e4a/fast"
/Applications/Xcode.app/Contents/Developer/usr/bin/make -f CMakeFiles/cmTC_68e4a.dir/build.make CMakeFiles/cmTC_68e4a.dir/build
Building CXX object CMakeFiles/cmTC_68e4a.dir/src.cxx.o
/Applications/Xcode.app/Contents/Developer/Toolchains/XcodeDefault.xctoolchain/usr/bin/c++    -mtune=native -Wall -Wextra -Wunused -Wsign-compare -fno-omit-frame-pointer -Wtype-limits -Wuninitialized -Wno-deprecated -Wstrict-aliasing -Wpointer-arith -Wheader-guard -Wpointer-arith -Wformat-nonliteral -Winit-self -Wparentheses -Wunreachable-code -ggdb3 -Wno-bitfield-constant-conversion -Wnull-dereference -Wdouble-promotion -Wshadow -Wformat=2 -Wextra-semi -pedantic -DCOMPILER_HAS_HIDDEN_VISIBILITY   -fvisibility=hidden -o CMakeFiles/cmTC_68e4a.dir/src.cxx.o -c /Users/anwu/Monkeyswedding/Projects/cvc4Preprocess/CVC4/cryptominisat5/build/CMakeFiles/CMakeTmp/src.cxx
Linking CXX executable cmTC_68e4a
/usr/local/Cellar/cmake/3.12.2/bin/cmake -E cmake_link_script CMakeFiles/cmTC_68e4a.dir/link.txt --verbose=1
/Applications/Xcode.app/Contents/Developer/Toolchains/XcodeDefault.xctoolchain/usr/bin/c++   -mtune=native -Wall -Wextra -Wunused -Wsign-compare -fno-omit-frame-pointer -Wtype-limits -Wuninitialized -Wno-deprecated -Wstrict-aliasing -Wpointer-arith -Wheader-guard -Wpointer-arith -Wformat-nonliteral -Winit-self -Wparentheses -Wunreachable-code -ggdb3 -Wno-bitfield-constant-conversion -Wnull-dereference -Wdouble-promotion -Wshadow -Wformat=2 -Wextra-semi -pedantic -DCOMPILER_HAS_HIDDEN_VISIBILITY -Wl,-search_paths_first -Wl,-headerpad_max_install_names  -O2  CMakeFiles/cmTC_68e4a.dir/src.cxx.o  -o cmTC_68e4a 

Source file was:
int main() { return 0; }
Performing C++ SOURCE FILE Test COMPILER_HAS_HIDDEN_INLINE_VISIBILITY succeeded with the following output:
Change Dir: /Users/anwu/Monkeyswedding/Projects/cvc4Preprocess/CVC4/cryptominisat5/build/CMakeFiles/CMakeTmp

Run Build Command:"/usr/bin/make" "cmTC_a2ad5/fast"
/Applications/Xcode.app/Contents/Developer/usr/bin/make -f CMakeFiles/cmTC_a2ad5.dir/build.make CMakeFiles/cmTC_a2ad5.dir/build
Building CXX object CMakeFiles/cmTC_a2ad5.dir/src.cxx.o
/Applications/Xcode.app/Contents/Developer/Toolchains/XcodeDefault.xctoolchain/usr/bin/c++    -mtune=native -Wall -Wextra -Wunused -Wsign-compare -fno-omit-frame-pointer -Wtype-limits -Wuninitialized -Wno-deprecated -Wstrict-aliasing -Wpointer-arith -Wheader-guard -Wpointer-arith -Wformat-nonliteral -Winit-self -Wparentheses -Wunreachable-code -ggdb3 -Wno-bitfield-constant-conversion -Wnull-dereference -Wdouble-promotion -Wshadow -Wformat=2 -Wextra-semi -pedantic -DCOMPILER_HAS_HIDDEN_INLINE_VISIBILITY   -fvisibility-inlines-hidden -o CMakeFiles/cmTC_a2ad5.dir/src.cxx.o -c /Users/anwu/Monkeyswedding/Projects/cvc4Preprocess/CVC4/cryptominisat5/build/CMakeFiles/CMakeTmp/src.cxx
Linking CXX executable cmTC_a2ad5
/usr/local/Cellar/cmake/3.12.2/bin/cmake -E cmake_link_script CMakeFiles/cmTC_a2ad5.dir/link.txt --verbose=1
/Applications/Xcode.app/Contents/Developer/Toolchains/XcodeDefault.xctoolchain/usr/bin/c++   -mtune=native -Wall -Wextra -Wunused -Wsign-compare -fno-omit-frame-pointer -Wtype-limits -Wuninitialized -Wno-deprecated -Wstrict-aliasing -Wpointer-arith -Wheader-guard -Wpointer-arith -Wformat-nonliteral -Winit-self -Wparentheses -Wunreachable-code -ggdb3 -Wno-bitfield-constant-conversion -Wnull-dereference -Wdouble-promotion -Wshadow -Wformat=2 -Wextra-semi -pedantic -DCOMPILER_HAS_HIDDEN_INLINE_VISIBILITY -Wl,-search_paths_first -Wl,-headerpad_max_install_names  -O2  CMakeFiles/cmTC_a2ad5.dir/src.cxx.o  -o cmTC_a2ad5 

Source file was:
int main() { return 0; }
Performing C++ SOURCE FILE Test COMPILER_HAS_DEPRECATED_ATTR succeeded with the following output:
Change Dir: /Users/anwu/Monkeyswedding/Projects/cvc4Preprocess/CVC4/cryptominisat5/build/CMakeFiles/CMakeTmp

Run Build Command:"/usr/bin/make" "cmTC_f6643/fast"
/Applications/Xcode.app/Contents/Developer/usr/bin/make -f CMakeFiles/cmTC_f6643.dir/build.make CMakeFiles/cmTC_f6643.dir/build
Building CXX object CMakeFiles/cmTC_f6643.dir/src.cxx.o
/Applications/Xcode.app/Contents/Developer/Toolchains/XcodeDefault.xctoolchain/usr/bin/c++    -mtune=native -Wall -Wextra -Wunused -Wsign-compare -fno-omit-frame-pointer -Wtype-limits -Wuninitialized -Wno-deprecated -Wstrict-aliasing -Wpointer-arith -Wheader-guard -Wpointer-arith -Wformat-nonliteral -Winit-self -Wparentheses -Wunreachable-code -ggdb3 -Wno-bitfield-constant-conversion -Wnull-dereference -Wdouble-promotion -Wshadow -Wformat=2 -Wextra-semi -pedantic -DCOMPILER_HAS_DEPRECATED_ATTR   -o CMakeFiles/cmTC_f6643.dir/src.cxx.o -c /Users/anwu/Monkeyswedding/Projects/cvc4Preprocess/CVC4/cryptominisat5/build/CMakeFiles/CMakeTmp/src.cxx
Linking CXX executable cmTC_f6643
/usr/local/Cellar/cmake/3.12.2/bin/cmake -E cmake_link_script CMakeFiles/cmTC_f6643.dir/link.txt --verbose=1
/Applications/Xcode.app/Contents/Developer/Toolchains/XcodeDefault.xctoolchain/usr/bin/c++   -mtune=native -Wall -Wextra -Wunused -Wsign-compare -fno-omit-frame-pointer -Wtype-limits -Wuninitialized -Wno-deprecated -Wstrict-aliasing -Wpointer-arith -Wheader-guard -Wpointer-arith -Wformat-nonliteral -Winit-self -Wparentheses -Wunreachable-code -ggdb3 -Wno-bitfield-constant-conversion -Wnull-dereference -Wdouble-promotion -Wshadow -Wformat=2 -Wextra-semi -pedantic -DCOMPILER_HAS_DEPRECATED_ATTR -Wl,-search_paths_first -Wl,-headerpad_max_install_names  -O2  CMakeFiles/cmTC_f6643.dir/src.cxx.o  -o cmTC_f6643 

Source file was:
__attribute__((__deprecated__)) int somefunc() { return 0; }
    int main() { return somefunc();}
