1 module generators
1 Hilbert basis elements of recession monoid
1 vertices of polyhedron
1 extreme rays of recession cone
2 support hyperplanes of polyhedron (homogenized)

embedding dimension = 6
affine dimension of the polyhedron = 1
rank of recession monoid = 1

size of partial triangulation   = 0
resulting sum of |det|s = 0

dehomogenization:
0 0 0 0 0 1 


module rank = 1

***********************************************************************

1 module generators:
 0 0 0 0 0 1

1 Hilbert basis elements of recession monoid:
 0 1 1 0 0 0

1 vertices of polyhedron:
 0 0 0 0 0 1

1 extreme rays of recession cone:
 0 1 1 0 0 0

2 support hyperplanes of polyhedron (homogenized):
 0 0 0 0 0 1
 0 0 1 0 0 0

4 equations:
 1 0  0 0 0 0
 0 1 -1 0 0 0
 0 0  0 1 0 0
 0 0  0 0 1 0

2 basis elements of generated  lattice:
 0 1 1 0 0 0
 0 0 0 0 0 1

