0 module generators
2 Hilbert basis elements of recession monoid
0 vertices of polyhedron
2 extreme rays of recession cone
2 support hyperplanes of polyhedron (homogenized)

embedding dimension = 6
affine dimension of the polyhedron = -1
rank of recession monoid = 2

size of partial triangulation   = 0
resulting sum of |det|s = 0

dehomogenization:
0 0 0 0 0 1 


module rank = 0

***********************************************************************

0 module generators:

2 Hilbert basis elements of recession monoid:
 0 1 1 0 0 0
 1 0 0 0 0 0

0 vertices of polyhedron:

2 extreme rays of recession cone:
 0 1 1 0 0 0
 1 0 0 0 0 0

2 support hyperplanes of polyhedron (homogenized):
 0  0 1 0 0  0
 1 -1 1 0 0 -1

4 equations:
 0 1 -1 0 0 0
 0 0  0 1 0 0
 0 0  0 0 1 0
 0 0  0 0 0 1

2 basis elements of generated  lattice:
 1 0 0 0 0 0
 0 1 1 0 0 0

