1 module generators
3 Hilbert basis elements of recession monoid
1 vertices of polyhedron
3 extreme rays of recession cone
4 support hyperplanes of polyhedron (homogenized)

embedding dimension = 6
affine dimension of the polyhedron = 3
rank of recession monoid = 3

size of partial triangulation   = 0
resulting sum of |det|s = 0

dehomogenization:
0 0 0 0 0 1 


module rank = 1

***********************************************************************

1 module generators:
 1 0 0 1 0 1

3 Hilbert basis elements of recession monoid:
 0 1 1 0 0 0
 1 0 0 0 0 0
 1 1 0 0 0 0

1 vertices of polyhedron:
 1 0 0 1 0 1

3 extreme rays of recession cone:
 0 1 1 0 0 0
 1 0 0 0 0 0
 1 1 0 0 0 0

4 support hyperplanes of polyhedron (homogenized):
 0  0  0 0 0  1
 0  0  1 0 0  0
 0  1 -1 0 0  0
 1 -1  1 0 0 -1

2 equations:
 0 0 0 1 0 -1
 0 0 0 0 1  0

4 basis elements of generated  lattice:
 1 0 0 0 0 0
 0 1 0 0 0 0
 0 0 1 0 0 0
 0 0 0 1 0 1

